24-Nov-2021 22:20:04.314 信息 [main] org.apache.catalina.startup.VersionLoggerListener.log Server.服务器版本: Apache Tomcat/9.0.55
24-Nov-2021 22:20:04.319 信息 [main] org.apache.catalina.startup.VersionLoggerListener.log 服务器构建:        Nov 10 2021 08:26:45 UTC
24-Nov-2021 22:20:04.319 信息 [main] org.apache.catalina.startup.VersionLoggerListener.log 服务器版本号:      9.0.55.0
24-Nov-2021 22:20:04.320 信息 [main] org.apache.catalina.startup.VersionLoggerListener.log 操作系统名称:      Windows 10
24-Nov-2021 22:20:04.321 信息 [main] org.apache.catalina.startup.VersionLoggerListener.log OS.版本:           10.0
24-Nov-2021 22:20:04.321 信息 [main] org.apache.catalina.startup.VersionLoggerListener.log 架构:              amd64
24-Nov-2021 22:20:04.321 信息 [main] org.apache.catalina.startup.VersionLoggerListener.log Java 环境变量:     C:\Program Files\Java\jdk1.8.0_301\jre
24-Nov-2021 22:20:04.321 信息 [main] org.apache.catalina.startup.VersionLoggerListener.log Java虚拟机版本:    1.8.0_301-b09
24-Nov-2021 22:20:04.322 信息 [main] org.apache.catalina.startup.VersionLoggerListener.log JVM.供应商:        Oracle Corporation
24-Nov-2021 22:20:04.322 信息 [main] org.apache.catalina.startup.VersionLoggerListener.log CATALINA_BASE:     D:\小软件\apache-tomcat-9.0.55
24-Nov-2021 22:20:04.322 信息 [main] org.apache.catalina.startup.VersionLoggerListener.log CATALINA_HOME:     D:\小软件\apache-tomcat-9.0.55
24-Nov-2021 22:20:04.322 信息 [main] org.apache.catalina.startup.VersionLoggerListener.log 命令行参数：       -Djava.util.logging.config.file=D:\小软件\apache-tomcat-9.0.55\conf\logging.properties
24-Nov-2021 22:20:04.323 信息 [main] org.apache.catalina.startup.VersionLoggerListener.log 命令行参数：       -Djava.util.logging.manager=org.apache.juli.ClassLoaderLogManager
24-Nov-2021 22:20:04.323 信息 [main] org.apache.catalina.startup.VersionLoggerListener.log 命令行参数：       -Djdk.tls.ephemeralDHKeySize=2048
24-Nov-2021 22:20:04.323 信息 [main] org.apache.catalina.startup.VersionLoggerListener.log 命令行参数：       -Djava.protocol.handler.pkgs=org.apache.catalina.webresources
24-Nov-2021 22:20:04.326 信息 [main] org.apache.catalina.startup.VersionLoggerListener.log 命令行参数：       -Dignore.endorsed.dirs=
24-Nov-2021 22:20:04.326 信息 [main] org.apache.catalina.startup.VersionLoggerListener.log 命令行参数：       -Dcatalina.base=D:\小软件\apache-tomcat-9.0.55
24-Nov-2021 22:20:04.326 信息 [main] org.apache.catalina.startup.VersionLoggerListener.log 命令行参数：       -Dcatalina.home=D:\小软件\apache-tomcat-9.0.55
24-Nov-2021 22:20:04.327 信息 [main] org.apache.catalina.startup.VersionLoggerListener.log 命令行参数：       -Djava.io.tmpdir=D:\小软件\apache-tomcat-9.0.55\temp
24-Nov-2021 22:20:04.356 信息 [main] org.apache.catalina.core.AprLifecycleListener.lifecycleEvent 使用APR版本[1.7.0]加载了基于APR的Apache Tomcat本机库[1.2.31]。
24-Nov-2021 22:20:04.362 信息 [main] org.apache.catalina.core.AprLifecycleListener.lifecycleEvent APR功能：IPv6[true]、sendfile[true]、accept filters[false]、random[true]、UDS [true]。
24-Nov-2021 22:20:04.365 信息 [main] org.apache.catalina.core.AprLifecycleListener.lifecycleEvent APR/OpenSSL配置：useAprConnector[false]，useOpenSSL[true]
24-Nov-2021 22:20:04.373 信息 [main] org.apache.catalina.core.AprLifecycleListener.initializeSSL OpenSSL成功初始化 [OpenSSL 1.1.1l  24 Aug 2021]
24-Nov-2021 22:20:04.663 信息 [main] org.apache.coyote.AbstractProtocol.init 初始化协议处理器 ["http-nio-8080"]
24-Nov-2021 22:20:04.682 信息 [main] org.apache.catalina.startup.Catalina.load 服务器在[516]毫秒内初始化
24-Nov-2021 22:20:04.713 信息 [main] org.apache.catalina.core.StandardService.startInternal 正在启动服务[Catalina]
24-Nov-2021 22:20:04.714 信息 [main] org.apache.catalina.core.StandardEngine.startInternal 正在启动 Servlet 引擎：[Apache Tomcat/9.0.55]
24-Nov-2021 22:20:04.726 信息 [main] org.apache.catalina.startup.HostConfig.deployDirectory 把web 应用程序部署到目录 [D:\小软件\apache-tomcat-9.0.55\webapps\docs]
24-Nov-2021 22:20:05.488 警告 [main] org.apache.catalina.util.SessionIdGeneratorBase.createSecureRandom 使用[SHA1PRNG]创建会话ID生成的SecureRandom实例花费了[581]毫秒。
24-Nov-2021 22:20:05.516 信息 [main] org.apache.catalina.startup.HostConfig.deployDirectory Web应用程序目录[D:\小软件\apache-tomcat-9.0.55\webapps\docs]的部署已在[790]毫秒内完成
24-Nov-2021 22:20:05.524 信息 [main] org.apache.catalina.startup.HostConfig.deployDirectory 把web 应用程序部署到目录 [D:\小软件\apache-tomcat-9.0.55\webapps\examples]
24-Nov-2021 22:20:05.892 信息 [main] org.apache.catalina.startup.HostConfig.deployDirectory Web应用程序目录[D:\小软件\apache-tomcat-9.0.55\webapps\examples]的部署已在[368]毫秒内完成
24-Nov-2021 22:20:05.898 信息 [main] org.apache.catalina.startup.HostConfig.deployDirectory 把web 应用程序部署到目录 [D:\小软件\apache-tomcat-9.0.55\webapps\host-manager]
24-Nov-2021 22:20:05.931 信息 [main] org.apache.catalina.startup.HostConfig.deployDirectory Web应用程序目录[D:\小软件\apache-tomcat-9.0.55\webapps\host-manager]的部署已在[33]毫秒内完成
24-Nov-2021 22:20:05.937 信息 [main] org.apache.catalina.startup.HostConfig.deployDirectory 把web 应用程序部署到目录 [D:\小软件\apache-tomcat-9.0.55\webapps\manager]
24-Nov-2021 22:20:05.968 信息 [main] org.apache.catalina.startup.HostConfig.deployDirectory Web应用程序目录[D:\小软件\apache-tomcat-9.0.55\webapps\manager]的部署已在[31]毫秒内完成
24-Nov-2021 22:20:05.973 信息 [main] org.apache.catalina.startup.HostConfig.deployDirectory 把web 应用程序部署到目录 [D:\小软件\apache-tomcat-9.0.55\webapps\myweb]
24-Nov-2021 22:20:06.000 信息 [main] org.apache.catalina.startup.HostConfig.deployDirectory Web应用程序目录[D:\小软件\apache-tomcat-9.0.55\webapps\myweb]的部署已在[27]毫秒内完成
24-Nov-2021 22:20:06.006 信息 [main] org.apache.catalina.startup.HostConfig.deployDirectory 把web 应用程序部署到目录 [D:\小软件\apache-tomcat-9.0.55\webapps\ROOT]
24-Nov-2021 22:20:06.028 信息 [main] org.apache.catalina.startup.HostConfig.deployDirectory Web应用程序目录[D:\小软件\apache-tomcat-9.0.55\webapps\ROOT]的部署已在[22]毫秒内完成
24-Nov-2021 22:20:06.037 信息 [main] org.apache.coyote.AbstractProtocol.start 开始协议处理句柄["http-nio-8080"]
24-Nov-2021 22:20:06.050 信息 [main] org.apache.catalina.startup.Catalina.start [1367]毫秒后服务器启动
24-Nov-2021 22:20:42.367 信息 [main] org.apache.catalina.core.StandardServer.await 通过关闭端口接收到有效的关闭命令。正在停止服务器实例。
24-Nov-2021 22:20:42.374 信息 [main] org.apache.coyote.AbstractProtocol.pause 暂停ProtocolHandler["http-nio-8080"]
24-Nov-2021 22:20:42.848 信息 [main] org.apache.catalina.core.StandardService.stopInternal 正在停止服务[Catalina]
24-Nov-2021 22:20:42.864 信息 [main] org.apache.coyote.AbstractProtocol.stop 正在停止ProtocolHandler ["http-nio-8080"]
24-Nov-2021 22:20:42.870 信息 [main] org.apache.coyote.AbstractProtocol.destroy 正在摧毁协议处理器 ["http-nio-8080"]
