25-Nov-2021 11:12:13.790 信息 [main] org.apache.catalina.startup.VersionLoggerListener.log Server.服务器版本: Apache Tomcat/9.0.55
25-Nov-2021 11:12:13.797 信息 [main] org.apache.catalina.startup.VersionLoggerListener.log 服务器构建:        Nov 10 2021 08:26:45 UTC
25-Nov-2021 11:12:13.797 信息 [main] org.apache.catalina.startup.VersionLoggerListener.log 服务器版本号:      9.0.55.0
25-Nov-2021 11:12:13.798 信息 [main] org.apache.catalina.startup.VersionLoggerListener.log 操作系统名称:      Windows 10
25-Nov-2021 11:12:13.798 信息 [main] org.apache.catalina.startup.VersionLoggerListener.log OS.版本:           10.0
25-Nov-2021 11:12:13.798 信息 [main] org.apache.catalina.startup.VersionLoggerListener.log 架构:              amd64
25-Nov-2021 11:12:13.798 信息 [main] org.apache.catalina.startup.VersionLoggerListener.log Java 环境变量:     C:\Program Files\Java\jdk1.8.0_301\jre
25-Nov-2021 11:12:13.799 信息 [main] org.apache.catalina.startup.VersionLoggerListener.log Java虚拟机版本:    1.8.0_301-b09
25-Nov-2021 11:12:13.799 信息 [main] org.apache.catalina.startup.VersionLoggerListener.log JVM.供应商:        Oracle Corporation
25-Nov-2021 11:12:13.799 信息 [main] org.apache.catalina.startup.VersionLoggerListener.log CATALINA_BASE:     D:\minisoftware\apache-tomcat-9.0.55
25-Nov-2021 11:12:13.800 信息 [main] org.apache.catalina.startup.VersionLoggerListener.log CATALINA_HOME:     D:\minisoftware\apache-tomcat-9.0.55
25-Nov-2021 11:12:13.800 信息 [main] org.apache.catalina.startup.VersionLoggerListener.log 命令行参数：       -Djava.util.logging.config.file=D:\minisoftware\apache-tomcat-9.0.55\conf\logging.properties
25-Nov-2021 11:12:13.800 信息 [main] org.apache.catalina.startup.VersionLoggerListener.log 命令行参数：       -Djava.util.logging.manager=org.apache.juli.ClassLoaderLogManager
25-Nov-2021 11:12:13.800 信息 [main] org.apache.catalina.startup.VersionLoggerListener.log 命令行参数：       -Djdk.tls.ephemeralDHKeySize=2048
25-Nov-2021 11:12:13.801 信息 [main] org.apache.catalina.startup.VersionLoggerListener.log 命令行参数：       -Djava.protocol.handler.pkgs=org.apache.catalina.webresources
25-Nov-2021 11:12:13.802 信息 [main] org.apache.catalina.startup.VersionLoggerListener.log 命令行参数：       -Dignore.endorsed.dirs=
25-Nov-2021 11:12:13.803 信息 [main] org.apache.catalina.startup.VersionLoggerListener.log 命令行参数：       -Dcatalina.base=D:\minisoftware\apache-tomcat-9.0.55
25-Nov-2021 11:12:13.804 信息 [main] org.apache.catalina.startup.VersionLoggerListener.log 命令行参数：       -Dcatalina.home=D:\minisoftware\apache-tomcat-9.0.55
25-Nov-2021 11:12:13.808 信息 [main] org.apache.catalina.startup.VersionLoggerListener.log 命令行参数：       -Djava.io.tmpdir=D:\minisoftware\apache-tomcat-9.0.55\temp
25-Nov-2021 11:12:13.824 信息 [main] org.apache.catalina.core.AprLifecycleListener.lifecycleEvent 使用APR版本[1.7.0]加载了基于APR的Apache Tomcat本机库[1.2.31]。
25-Nov-2021 11:12:13.825 信息 [main] org.apache.catalina.core.AprLifecycleListener.lifecycleEvent APR功能：IPv6[true]、sendfile[true]、accept filters[false]、random[true]、UDS [true]。
25-Nov-2021 11:12:13.832 信息 [main] org.apache.catalina.core.AprLifecycleListener.lifecycleEvent APR/OpenSSL配置：useAprConnector[false]，useOpenSSL[true]
25-Nov-2021 11:12:13.851 信息 [main] org.apache.catalina.core.AprLifecycleListener.initializeSSL OpenSSL成功初始化 [OpenSSL 1.1.1l  24 Aug 2021]
25-Nov-2021 11:12:14.239 信息 [main] org.apache.coyote.AbstractProtocol.init 初始化协议处理器 ["http-nio-8080"]
25-Nov-2021 11:12:14.261 信息 [main] org.apache.catalina.startup.Catalina.load 服务器在[670]毫秒内初始化
25-Nov-2021 11:12:14.300 信息 [main] org.apache.catalina.core.StandardService.startInternal 正在启动服务[Catalina]
25-Nov-2021 11:12:14.301 信息 [main] org.apache.catalina.core.StandardEngine.startInternal 正在启动 Servlet 引擎：[Apache Tomcat/9.0.55]
25-Nov-2021 11:12:14.318 信息 [main] org.apache.catalina.startup.HostConfig.deployDirectory 把web 应用程序部署到目录 [D:\minisoftware\apache-tomcat-9.0.55\webapps\docs]
25-Nov-2021 11:12:15.062 警告 [main] org.apache.catalina.util.SessionIdGeneratorBase.createSecureRandom 使用[SHA1PRNG]创建会话ID生成的SecureRandom实例花费了[515]毫秒。
25-Nov-2021 11:12:15.091 信息 [main] org.apache.catalina.startup.HostConfig.deployDirectory Web应用程序目录[D:\minisoftware\apache-tomcat-9.0.55\webapps\docs]的部署已在[773]毫秒内完成
25-Nov-2021 11:12:15.099 信息 [main] org.apache.catalina.startup.HostConfig.deployDirectory 把web 应用程序部署到目录 [D:\minisoftware\apache-tomcat-9.0.55\webapps\examples]
25-Nov-2021 11:12:15.490 信息 [main] org.apache.catalina.startup.HostConfig.deployDirectory Web应用程序目录[D:\minisoftware\apache-tomcat-9.0.55\webapps\examples]的部署已在[392]毫秒内完成
25-Nov-2021 11:12:15.495 信息 [main] org.apache.catalina.startup.HostConfig.deployDirectory 把web 应用程序部署到目录 [D:\minisoftware\apache-tomcat-9.0.55\webapps\host-manager]
25-Nov-2021 11:12:15.529 信息 [main] org.apache.catalina.startup.HostConfig.deployDirectory Web应用程序目录[D:\minisoftware\apache-tomcat-9.0.55\webapps\host-manager]的部署已在[34]毫秒内完成
25-Nov-2021 11:12:15.535 信息 [main] org.apache.catalina.startup.HostConfig.deployDirectory 把web 应用程序部署到目录 [D:\minisoftware\apache-tomcat-9.0.55\webapps\manager]
25-Nov-2021 11:12:15.574 信息 [main] org.apache.catalina.startup.HostConfig.deployDirectory Web应用程序目录[D:\minisoftware\apache-tomcat-9.0.55\webapps\manager]的部署已在[39]毫秒内完成
25-Nov-2021 11:12:15.580 信息 [main] org.apache.catalina.startup.HostConfig.deployDirectory 把web 应用程序部署到目录 [D:\minisoftware\apache-tomcat-9.0.55\webapps\myweb]
25-Nov-2021 11:12:15.607 信息 [main] org.apache.catalina.startup.HostConfig.deployDirectory Web应用程序目录[D:\minisoftware\apache-tomcat-9.0.55\webapps\myweb]的部署已在[27]毫秒内完成
25-Nov-2021 11:12:15.612 信息 [main] org.apache.catalina.startup.HostConfig.deployDirectory 把web 应用程序部署到目录 [D:\minisoftware\apache-tomcat-9.0.55\webapps\ROOT]
25-Nov-2021 11:12:15.636 信息 [main] org.apache.catalina.startup.HostConfig.deployDirectory Web应用程序目录[D:\minisoftware\apache-tomcat-9.0.55\webapps\ROOT]的部署已在[24]毫秒内完成
25-Nov-2021 11:12:15.645 信息 [main] org.apache.coyote.AbstractProtocol.start 开始协议处理句柄["http-nio-8080"]
25-Nov-2021 11:12:15.658 信息 [main] org.apache.catalina.startup.Catalina.start [1396]毫秒后服务器启动
25-Nov-2021 11:12:42.404 信息 [main] org.apache.catalina.core.StandardServer.await 通过关闭端口接收到有效的关闭命令。正在停止服务器实例。
25-Nov-2021 11:13:10.143 信息 [main] org.apache.catalina.startup.VersionLoggerListener.log Server.服务器版本: Apache Tomcat/9.0.55
25-Nov-2021 11:13:10.149 信息 [main] org.apache.catalina.startup.VersionLoggerListener.log 服务器构建:        Nov 10 2021 08:26:45 UTC
25-Nov-2021 11:13:10.149 信息 [main] org.apache.catalina.startup.VersionLoggerListener.log 服务器版本号:      9.0.55.0
25-Nov-2021 11:13:10.149 信息 [main] org.apache.catalina.startup.VersionLoggerListener.log 操作系统名称:      Windows 10
25-Nov-2021 11:13:10.149 信息 [main] org.apache.catalina.startup.VersionLoggerListener.log OS.版本:           10.0
25-Nov-2021 11:13:10.149 信息 [main] org.apache.catalina.startup.VersionLoggerListener.log 架构:              amd64
25-Nov-2021 11:13:10.149 信息 [main] org.apache.catalina.startup.VersionLoggerListener.log Java 环境变量:     C:\Program Files\Java\jdk1.8.0_301\jre
25-Nov-2021 11:13:10.149 信息 [main] org.apache.catalina.startup.VersionLoggerListener.log Java虚拟机版本:    1.8.0_301-b09
25-Nov-2021 11:13:10.150 信息 [main] org.apache.catalina.startup.VersionLoggerListener.log JVM.供应商:        Oracle Corporation
25-Nov-2021 11:13:10.150 信息 [main] org.apache.catalina.startup.VersionLoggerListener.log CATALINA_BASE:     D:\minisoftware\apache-tomcat-9.0.55
25-Nov-2021 11:13:10.150 信息 [main] org.apache.catalina.startup.VersionLoggerListener.log CATALINA_HOME:     D:\minisoftware\apache-tomcat-9.0.55
25-Nov-2021 11:13:10.151 信息 [main] org.apache.catalina.startup.VersionLoggerListener.log 命令行参数：       -Djava.util.logging.config.file=D:\minisoftware\apache-tomcat-9.0.55\conf\logging.properties
25-Nov-2021 11:13:10.151 信息 [main] org.apache.catalina.startup.VersionLoggerListener.log 命令行参数：       -Djava.util.logging.manager=org.apache.juli.ClassLoaderLogManager
25-Nov-2021 11:13:10.151 信息 [main] org.apache.catalina.startup.VersionLoggerListener.log 命令行参数：       -Djdk.tls.ephemeralDHKeySize=2048
25-Nov-2021 11:13:10.151 信息 [main] org.apache.catalina.startup.VersionLoggerListener.log 命令行参数：       -Djava.protocol.handler.pkgs=org.apache.catalina.webresources
25-Nov-2021 11:13:10.154 信息 [main] org.apache.catalina.startup.VersionLoggerListener.log 命令行参数：       -Dignore.endorsed.dirs=
25-Nov-2021 11:13:10.154 信息 [main] org.apache.catalina.startup.VersionLoggerListener.log 命令行参数：       -Dcatalina.base=D:\minisoftware\apache-tomcat-9.0.55
25-Nov-2021 11:13:10.155 信息 [main] org.apache.catalina.startup.VersionLoggerListener.log 命令行参数：       -Dcatalina.home=D:\minisoftware\apache-tomcat-9.0.55
25-Nov-2021 11:13:10.155 信息 [main] org.apache.catalina.startup.VersionLoggerListener.log 命令行参数：       -Djava.io.tmpdir=D:\minisoftware\apache-tomcat-9.0.55\temp
25-Nov-2021 11:13:10.159 信息 [main] org.apache.catalina.core.AprLifecycleListener.lifecycleEvent 使用APR版本[1.7.0]加载了基于APR的Apache Tomcat本机库[1.2.31]。
25-Nov-2021 11:13:10.165 信息 [main] org.apache.catalina.core.AprLifecycleListener.lifecycleEvent APR功能：IPv6[true]、sendfile[true]、accept filters[false]、random[true]、UDS [true]。
25-Nov-2021 11:13:10.165 信息 [main] org.apache.catalina.core.AprLifecycleListener.lifecycleEvent APR/OpenSSL配置：useAprConnector[false]，useOpenSSL[true]
25-Nov-2021 11:13:10.172 信息 [main] org.apache.catalina.core.AprLifecycleListener.initializeSSL OpenSSL成功初始化 [OpenSSL 1.1.1l  24 Aug 2021]
25-Nov-2021 11:13:10.466 信息 [main] org.apache.coyote.AbstractProtocol.init 初始化协议处理器 ["http-nio-8080"]
25-Nov-2021 11:13:10.479 严重 [main] org.apache.catalina.util.LifecycleBase.handleSubClassException 初始化组件[Connector[HTTP/1.1-8080]]失败。
	org.apache.catalina.LifecycleException: 协议处理程序初始化失败
		at org.apache.catalina.connector.Connector.initInternal(Connector.java:1049)
		at org.apache.catalina.util.LifecycleBase.init(LifecycleBase.java:136)
		at org.apache.catalina.core.StandardService.initInternal(StandardService.java:556)
		at org.apache.catalina.util.LifecycleBase.init(LifecycleBase.java:136)
		at org.apache.catalina.core.StandardServer.initInternal(StandardServer.java:1042)
		at org.apache.catalina.util.LifecycleBase.init(LifecycleBase.java:136)
		at org.apache.catalina.startup.Catalina.load(Catalina.java:724)
		at org.apache.catalina.startup.Catalina.load(Catalina.java:746)
		at sun.reflect.NativeMethodAccessorImpl.invoke0(Native Method)
		at sun.reflect.NativeMethodAccessorImpl.invoke(NativeMethodAccessorImpl.java:62)
		at sun.reflect.DelegatingMethodAccessorImpl.invoke(DelegatingMethodAccessorImpl.java:43)
		at java.lang.reflect.Method.invoke(Method.java:498)
		at org.apache.catalina.startup.Bootstrap.load(Bootstrap.java:305)
		at org.apache.catalina.startup.Bootstrap.main(Bootstrap.java:475)
	Caused by: java.net.BindException: Address already in use: bind
		at sun.nio.ch.Net.bind0(Native Method)
		at sun.nio.ch.Net.bind(Net.java:438)
		at sun.nio.ch.Net.bind(Net.java:430)
		at sun.nio.ch.ServerSocketChannelImpl.bind(ServerSocketChannelImpl.java:225)
		at org.apache.tomcat.util.net.NioEndpoint.initServerSocket(NioEndpoint.java:271)
		at org.apache.tomcat.util.net.NioEndpoint.bind(NioEndpoint.java:226)
		at org.apache.tomcat.util.net.AbstractEndpoint.bindWithCleanup(AbstractEndpoint.java:1213)
		at org.apache.tomcat.util.net.AbstractEndpoint.init(AbstractEndpoint.java:1226)
		at org.apache.coyote.AbstractProtocol.init(AbstractProtocol.java:603)
		at org.apache.coyote.http11.AbstractHttp11Protocol.init(AbstractHttp11Protocol.java:80)
		at org.apache.catalina.connector.Connector.initInternal(Connector.java:1046)
		... 13 more
25-Nov-2021 11:13:10.484 信息 [main] org.apache.catalina.startup.Catalina.load 服务器在[491]毫秒内初始化
25-Nov-2021 11:13:10.514 信息 [main] org.apache.catalina.core.StandardService.startInternal 正在启动服务[Catalina]
25-Nov-2021 11:13:10.514 信息 [main] org.apache.catalina.core.StandardEngine.startInternal 正在启动 Servlet 引擎：[Apache Tomcat/9.0.55]
25-Nov-2021 11:13:10.528 信息 [main] org.apache.catalina.startup.HostConfig.deployDirectory 把web 应用程序部署到目录 [D:\minisoftware\apache-tomcat-9.0.55\webapps\docs]
25-Nov-2021 11:13:11.249 警告 [main] org.apache.catalina.util.SessionIdGeneratorBase.createSecureRandom 使用[SHA1PRNG]创建会话ID生成的SecureRandom实例花费了[528]毫秒。
25-Nov-2021 11:13:11.271 信息 [main] org.apache.catalina.startup.HostConfig.deployDirectory Web应用程序目录[D:\minisoftware\apache-tomcat-9.0.55\webapps\docs]的部署已在[743]毫秒内完成
25-Nov-2021 11:13:11.277 信息 [main] org.apache.catalina.startup.HostConfig.deployDirectory 把web 应用程序部署到目录 [D:\minisoftware\apache-tomcat-9.0.55\webapps\examples]
25-Nov-2021 11:13:11.610 信息 [main] org.apache.catalina.startup.HostConfig.deployDirectory Web应用程序目录[D:\minisoftware\apache-tomcat-9.0.55\webapps\examples]的部署已在[332]毫秒内完成
25-Nov-2021 11:13:11.617 信息 [main] org.apache.catalina.startup.HostConfig.deployDirectory 把web 应用程序部署到目录 [D:\minisoftware\apache-tomcat-9.0.55\webapps\host-manager]
25-Nov-2021 11:13:11.651 信息 [main] org.apache.catalina.startup.HostConfig.deployDirectory Web应用程序目录[D:\minisoftware\apache-tomcat-9.0.55\webapps\host-manager]的部署已在[34]毫秒内完成
25-Nov-2021 11:13:11.657 信息 [main] org.apache.catalina.startup.HostConfig.deployDirectory 把web 应用程序部署到目录 [D:\minisoftware\apache-tomcat-9.0.55\webapps\manager]
25-Nov-2021 11:13:11.685 信息 [main] org.apache.catalina.startup.HostConfig.deployDirectory Web应用程序目录[D:\minisoftware\apache-tomcat-9.0.55\webapps\manager]的部署已在[28]毫秒内完成
25-Nov-2021 11:13:11.691 信息 [main] org.apache.catalina.startup.HostConfig.deployDirectory 把web 应用程序部署到目录 [D:\minisoftware\apache-tomcat-9.0.55\webapps\myweb]
25-Nov-2021 11:13:11.715 信息 [main] org.apache.catalina.startup.HostConfig.deployDirectory Web应用程序目录[D:\minisoftware\apache-tomcat-9.0.55\webapps\myweb]的部署已在[23]毫秒内完成
25-Nov-2021 11:13:11.720 信息 [main] org.apache.catalina.startup.HostConfig.deployDirectory 把web 应用程序部署到目录 [D:\minisoftware\apache-tomcat-9.0.55\webapps\ROOT]
25-Nov-2021 11:13:11.745 信息 [main] org.apache.catalina.startup.HostConfig.deployDirectory Web应用程序目录[D:\minisoftware\apache-tomcat-9.0.55\webapps\ROOT]的部署已在[24]毫秒内完成
25-Nov-2021 11:13:11.753 信息 [main] org.apache.catalina.startup.Catalina.start [1268]毫秒后服务器启动
25-Nov-2021 11:13:11.763 严重 [main] org.apache.catalina.core.StandardServer.await 无法在地址[localhost]和端口[8005]上创建服务器关闭套接字（基本端口[8005]和偏移量[0]）
	java.net.BindException: Address already in use: JVM_Bind
		at java.net.DualStackPlainSocketImpl.bind0(Native Method)
		at java.net.DualStackPlainSocketImpl.socketBind(DualStackPlainSocketImpl.java:102)
		at java.net.AbstractPlainSocketImpl.bind(AbstractPlainSocketImpl.java:513)
		at java.net.PlainSocketImpl.bind(PlainSocketImpl.java:180)
		at java.net.ServerSocket.bind(ServerSocket.java:375)
		at java.net.ServerSocket.<init>(ServerSocket.java:237)
		at org.apache.catalina.core.StandardServer.await(StandardServer.java:577)
		at org.apache.catalina.startup.Catalina.await(Catalina.java:864)
		at org.apache.catalina.startup.Catalina.start(Catalina.java:810)
		at sun.reflect.NativeMethodAccessorImpl.invoke0(Native Method)
		at sun.reflect.NativeMethodAccessorImpl.invoke(NativeMethodAccessorImpl.java:62)
		at sun.reflect.DelegatingMethodAccessorImpl.invoke(DelegatingMethodAccessorImpl.java:43)
		at java.lang.reflect.Method.invoke(Method.java:498)
		at org.apache.catalina.startup.Bootstrap.start(Bootstrap.java:345)
		at org.apache.catalina.startup.Bootstrap.main(Bootstrap.java:476)
25-Nov-2021 11:13:11.765 信息 [main] org.apache.coyote.AbstractProtocol.pause 暂停ProtocolHandler["http-nio-8080"]
25-Nov-2021 11:13:11.767 信息 [main] org.apache.catalina.core.StandardService.stopInternal 正在停止服务[Catalina]
25-Nov-2021 11:13:11.786 信息 [main] org.apache.coyote.AbstractProtocol.stop 正在停止ProtocolHandler ["http-nio-8080"]
25-Nov-2021 11:13:11.787 信息 [main] org.apache.coyote.AbstractProtocol.destroy 正在摧毁协议处理器 ["http-nio-8080"]
25-Nov-2021 11:13:22.955 信息 [main] org.apache.coyote.AbstractProtocol.pause 暂停ProtocolHandler["http-nio-8080"]
25-Nov-2021 11:13:23.427 信息 [main] org.apache.catalina.core.StandardService.stopInternal 正在停止服务[Catalina]
25-Nov-2021 11:13:23.442 信息 [main] org.apache.coyote.AbstractProtocol.stop 正在停止ProtocolHandler ["http-nio-8080"]
25-Nov-2021 11:13:23.449 信息 [main] org.apache.coyote.AbstractProtocol.destroy 正在摧毁协议处理器 ["http-nio-8080"]
25-Nov-2021 14:05:01.809 信息 [main] org.apache.catalina.startup.VersionLoggerListener.log Server.服务器版本: Apache Tomcat/9.0.55
25-Nov-2021 14:05:01.815 信息 [main] org.apache.catalina.startup.VersionLoggerListener.log 服务器构建:        Nov 10 2021 08:26:45 UTC
25-Nov-2021 14:05:01.816 信息 [main] org.apache.catalina.startup.VersionLoggerListener.log 服务器版本号:      9.0.55.0
25-Nov-2021 14:05:01.817 信息 [main] org.apache.catalina.startup.VersionLoggerListener.log 操作系统名称:      Windows 10
25-Nov-2021 14:05:01.817 信息 [main] org.apache.catalina.startup.VersionLoggerListener.log OS.版本:           10.0
25-Nov-2021 14:05:01.817 信息 [main] org.apache.catalina.startup.VersionLoggerListener.log 架构:              amd64
25-Nov-2021 14:05:01.817 信息 [main] org.apache.catalina.startup.VersionLoggerListener.log Java 环境变量:     C:\Program Files\Java\jdk1.8.0_301\jre
25-Nov-2021 14:05:01.818 信息 [main] org.apache.catalina.startup.VersionLoggerListener.log Java虚拟机版本:    1.8.0_301-b09
25-Nov-2021 14:05:01.818 信息 [main] org.apache.catalina.startup.VersionLoggerListener.log JVM.供应商:        Oracle Corporation
25-Nov-2021 14:05:01.819 信息 [main] org.apache.catalina.startup.VersionLoggerListener.log CATALINA_BASE:     D:\minisoftware\apache-tomcat-9.0.55
25-Nov-2021 14:05:01.819 信息 [main] org.apache.catalina.startup.VersionLoggerListener.log CATALINA_HOME:     D:\minisoftware\apache-tomcat-9.0.55
25-Nov-2021 14:05:01.819 信息 [main] org.apache.catalina.startup.VersionLoggerListener.log 命令行参数：       -Djava.util.logging.config.file=D:\minisoftware\apache-tomcat-9.0.55\conf\logging.properties
25-Nov-2021 14:05:01.819 信息 [main] org.apache.catalina.startup.VersionLoggerListener.log 命令行参数：       -Djava.util.logging.manager=org.apache.juli.ClassLoaderLogManager
25-Nov-2021 14:05:01.819 信息 [main] org.apache.catalina.startup.VersionLoggerListener.log 命令行参数：       -Djdk.tls.ephemeralDHKeySize=2048
25-Nov-2021 14:05:01.820 信息 [main] org.apache.catalina.startup.VersionLoggerListener.log 命令行参数：       -Djava.protocol.handler.pkgs=org.apache.catalina.webresources
25-Nov-2021 14:05:01.821 信息 [main] org.apache.catalina.startup.VersionLoggerListener.log 命令行参数：       -Dignore.endorsed.dirs=
25-Nov-2021 14:05:01.821 信息 [main] org.apache.catalina.startup.VersionLoggerListener.log 命令行参数：       -Dcatalina.base=D:\minisoftware\apache-tomcat-9.0.55
25-Nov-2021 14:05:01.823 信息 [main] org.apache.catalina.startup.VersionLoggerListener.log 命令行参数：       -Dcatalina.home=D:\minisoftware\apache-tomcat-9.0.55
25-Nov-2021 14:05:01.823 信息 [main] org.apache.catalina.startup.VersionLoggerListener.log 命令行参数：       -Djava.io.tmpdir=D:\minisoftware\apache-tomcat-9.0.55\temp
25-Nov-2021 14:05:01.827 信息 [main] org.apache.catalina.core.AprLifecycleListener.lifecycleEvent 使用APR版本[1.7.0]加载了基于APR的Apache Tomcat本机库[1.2.31]。
25-Nov-2021 14:05:01.836 信息 [main] org.apache.catalina.core.AprLifecycleListener.lifecycleEvent APR功能：IPv6[true]、sendfile[true]、accept filters[false]、random[true]、UDS [true]。
25-Nov-2021 14:05:01.837 信息 [main] org.apache.catalina.core.AprLifecycleListener.lifecycleEvent APR/OpenSSL配置：useAprConnector[false]，useOpenSSL[true]
25-Nov-2021 14:05:01.844 信息 [main] org.apache.catalina.core.AprLifecycleListener.initializeSSL OpenSSL成功初始化 [OpenSSL 1.1.1l  24 Aug 2021]
25-Nov-2021 14:05:02.154 信息 [main] org.apache.coyote.AbstractProtocol.init 初始化协议处理器 ["http-nio-8080"]
25-Nov-2021 14:05:02.178 信息 [main] org.apache.catalina.startup.Catalina.load 服务器在[532]毫秒内初始化
25-Nov-2021 14:05:02.207 信息 [main] org.apache.catalina.core.StandardService.startInternal 正在启动服务[Catalina]
25-Nov-2021 14:05:02.207 信息 [main] org.apache.catalina.core.StandardEngine.startInternal 正在启动 Servlet 引擎：[Apache Tomcat/9.0.55]
25-Nov-2021 14:05:02.218 信息 [main] org.apache.catalina.startup.HostConfig.deployDirectory 把web 应用程序部署到目录 [D:\minisoftware\apache-tomcat-9.0.55\webapps\crm]
25-Nov-2021 14:05:02.958 警告 [main] org.apache.catalina.util.SessionIdGeneratorBase.createSecureRandom 使用[SHA1PRNG]创建会话ID生成的SecureRandom实例花费了[533]毫秒。
25-Nov-2021 14:05:02.980 信息 [main] org.apache.catalina.startup.HostConfig.deployDirectory Web应用程序目录[D:\minisoftware\apache-tomcat-9.0.55\webapps\crm]的部署已在[762]毫秒内完成
25-Nov-2021 14:05:02.987 信息 [main] org.apache.catalina.startup.HostConfig.deployDirectory 把web 应用程序部署到目录 [D:\minisoftware\apache-tomcat-9.0.55\webapps\docs]
25-Nov-2021 14:05:03.014 信息 [main] org.apache.catalina.startup.HostConfig.deployDirectory Web应用程序目录[D:\minisoftware\apache-tomcat-9.0.55\webapps\docs]的部署已在[26]毫秒内完成
25-Nov-2021 14:05:03.019 信息 [main] org.apache.catalina.startup.HostConfig.deployDirectory 把web 应用程序部署到目录 [D:\minisoftware\apache-tomcat-9.0.55\webapps\examples]
25-Nov-2021 14:05:03.385 信息 [main] org.apache.catalina.startup.HostConfig.deployDirectory Web应用程序目录[D:\minisoftware\apache-tomcat-9.0.55\webapps\examples]的部署已在[366]毫秒内完成
25-Nov-2021 14:05:03.391 信息 [main] org.apache.catalina.startup.HostConfig.deployDirectory 把web 应用程序部署到目录 [D:\minisoftware\apache-tomcat-9.0.55\webapps\host-manager]
25-Nov-2021 14:05:03.420 信息 [main] org.apache.catalina.startup.HostConfig.deployDirectory Web应用程序目录[D:\minisoftware\apache-tomcat-9.0.55\webapps\host-manager]的部署已在[28]毫秒内完成
25-Nov-2021 14:05:03.430 信息 [main] org.apache.catalina.startup.HostConfig.deployDirectory 把web 应用程序部署到目录 [D:\minisoftware\apache-tomcat-9.0.55\webapps\manager]
25-Nov-2021 14:05:03.457 信息 [main] org.apache.catalina.startup.HostConfig.deployDirectory Web应用程序目录[D:\minisoftware\apache-tomcat-9.0.55\webapps\manager]的部署已在[26]毫秒内完成
25-Nov-2021 14:05:03.462 信息 [main] org.apache.catalina.startup.HostConfig.deployDirectory 把web 应用程序部署到目录 [D:\minisoftware\apache-tomcat-9.0.55\webapps\myweb]
25-Nov-2021 14:05:03.483 信息 [main] org.apache.catalina.startup.HostConfig.deployDirectory Web应用程序目录[D:\minisoftware\apache-tomcat-9.0.55\webapps\myweb]的部署已在[21]毫秒内完成
25-Nov-2021 14:05:03.489 信息 [main] org.apache.catalina.startup.HostConfig.deployDirectory 把web 应用程序部署到目录 [D:\minisoftware\apache-tomcat-9.0.55\webapps\ROOT]
25-Nov-2021 14:05:03.512 信息 [main] org.apache.catalina.startup.HostConfig.deployDirectory Web应用程序目录[D:\minisoftware\apache-tomcat-9.0.55\webapps\ROOT]的部署已在[23]毫秒内完成
25-Nov-2021 14:05:03.520 信息 [main] org.apache.coyote.AbstractProtocol.start 开始协议处理句柄["http-nio-8080"]
25-Nov-2021 14:05:03.533 信息 [main] org.apache.catalina.startup.Catalina.start [1354]毫秒后服务器启动
25-Nov-2021 14:05:16.026 信息 [main] org.apache.catalina.core.StandardServer.await 通过关闭端口接收到有效的关闭命令。正在停止服务器实例。
25-Nov-2021 14:05:16.034 信息 [main] org.apache.coyote.AbstractProtocol.pause 暂停ProtocolHandler["http-nio-8080"]
25-Nov-2021 14:05:16.539 信息 [main] org.apache.catalina.core.StandardService.stopInternal 正在停止服务[Catalina]
25-Nov-2021 14:05:16.556 信息 [main] org.apache.coyote.AbstractProtocol.stop 正在停止ProtocolHandler ["http-nio-8080"]
25-Nov-2021 14:05:16.562 信息 [main] org.apache.coyote.AbstractProtocol.destroy 正在摧毁协议处理器 ["http-nio-8080"]
25-Nov-2021 14:07:07.438 信息 [main] org.apache.catalina.startup.VersionLoggerListener.log Server.服务器版本: Apache Tomcat/9.0.55
25-Nov-2021 14:07:07.443 信息 [main] org.apache.catalina.startup.VersionLoggerListener.log 服务器构建:        Nov 10 2021 08:26:45 UTC
25-Nov-2021 14:07:07.443 信息 [main] org.apache.catalina.startup.VersionLoggerListener.log 服务器版本号:      9.0.55.0
25-Nov-2021 14:07:07.443 信息 [main] org.apache.catalina.startup.VersionLoggerListener.log 操作系统名称:      Windows 10
25-Nov-2021 14:07:07.444 信息 [main] org.apache.catalina.startup.VersionLoggerListener.log OS.版本:           10.0
25-Nov-2021 14:07:07.444 信息 [main] org.apache.catalina.startup.VersionLoggerListener.log 架构:              amd64
25-Nov-2021 14:07:07.444 信息 [main] org.apache.catalina.startup.VersionLoggerListener.log Java 环境变量:     C:\Program Files\Java\jdk1.8.0_301\jre
25-Nov-2021 14:07:07.444 信息 [main] org.apache.catalina.startup.VersionLoggerListener.log Java虚拟机版本:    1.8.0_301-b09
25-Nov-2021 14:07:07.444 信息 [main] org.apache.catalina.startup.VersionLoggerListener.log JVM.供应商:        Oracle Corporation
25-Nov-2021 14:07:07.444 信息 [main] org.apache.catalina.startup.VersionLoggerListener.log CATALINA_BASE:     D:\minisoftware\apache-tomcat-9.0.55
25-Nov-2021 14:07:07.444 信息 [main] org.apache.catalina.startup.VersionLoggerListener.log CATALINA_HOME:     D:\minisoftware\apache-tomcat-9.0.55
25-Nov-2021 14:07:07.445 信息 [main] org.apache.catalina.startup.VersionLoggerListener.log 命令行参数：       -Djava.util.logging.config.file=D:\minisoftware\apache-tomcat-9.0.55\conf\logging.properties
25-Nov-2021 14:07:07.446 信息 [main] org.apache.catalina.startup.VersionLoggerListener.log 命令行参数：       -Djava.util.logging.manager=org.apache.juli.ClassLoaderLogManager
25-Nov-2021 14:07:07.446 信息 [main] org.apache.catalina.startup.VersionLoggerListener.log 命令行参数：       -Djdk.tls.ephemeralDHKeySize=2048
25-Nov-2021 14:07:07.446 信息 [main] org.apache.catalina.startup.VersionLoggerListener.log 命令行参数：       -Djava.protocol.handler.pkgs=org.apache.catalina.webresources
25-Nov-2021 14:07:07.446 信息 [main] org.apache.catalina.startup.VersionLoggerListener.log 命令行参数：       -Dignore.endorsed.dirs=
25-Nov-2021 14:07:07.448 信息 [main] org.apache.catalina.startup.VersionLoggerListener.log 命令行参数：       -Dcatalina.base=D:\minisoftware\apache-tomcat-9.0.55
25-Nov-2021 14:07:07.448 信息 [main] org.apache.catalina.startup.VersionLoggerListener.log 命令行参数：       -Dcatalina.home=D:\minisoftware\apache-tomcat-9.0.55
25-Nov-2021 14:07:07.449 信息 [main] org.apache.catalina.startup.VersionLoggerListener.log 命令行参数：       -Djava.io.tmpdir=D:\minisoftware\apache-tomcat-9.0.55\temp
25-Nov-2021 14:07:07.452 信息 [main] org.apache.catalina.core.AprLifecycleListener.lifecycleEvent 使用APR版本[1.7.0]加载了基于APR的Apache Tomcat本机库[1.2.31]。
25-Nov-2021 14:07:07.460 信息 [main] org.apache.catalina.core.AprLifecycleListener.lifecycleEvent APR功能：IPv6[true]、sendfile[true]、accept filters[false]、random[true]、UDS [true]。
25-Nov-2021 14:07:07.461 信息 [main] org.apache.catalina.core.AprLifecycleListener.lifecycleEvent APR/OpenSSL配置：useAprConnector[false]，useOpenSSL[true]
25-Nov-2021 14:07:07.468 信息 [main] org.apache.catalina.core.AprLifecycleListener.initializeSSL OpenSSL成功初始化 [OpenSSL 1.1.1l  24 Aug 2021]
25-Nov-2021 14:07:07.785 信息 [main] org.apache.coyote.AbstractProtocol.init 初始化协议处理器 ["http-nio-8080"]
25-Nov-2021 14:07:07.804 信息 [main] org.apache.catalina.startup.Catalina.load 服务器在[530]毫秒内初始化
25-Nov-2021 14:07:07.834 信息 [main] org.apache.catalina.core.StandardService.startInternal 正在启动服务[Catalina]
25-Nov-2021 14:07:07.834 信息 [main] org.apache.catalina.core.StandardEngine.startInternal 正在启动 Servlet 引擎：[Apache Tomcat/9.0.55]
25-Nov-2021 14:07:07.845 信息 [main] org.apache.catalina.startup.HostConfig.deployDirectory 把web 应用程序部署到目录 [D:\minisoftware\apache-tomcat-9.0.55\webapps\crm]
25-Nov-2021 14:07:08.566 警告 [main] org.apache.catalina.util.SessionIdGeneratorBase.createSecureRandom 使用[SHA1PRNG]创建会话ID生成的SecureRandom实例花费了[520]毫秒。
25-Nov-2021 14:07:08.584 信息 [main] org.apache.catalina.startup.HostConfig.deployDirectory Web应用程序目录[D:\minisoftware\apache-tomcat-9.0.55\webapps\crm]的部署已在[738]毫秒内完成
25-Nov-2021 14:07:08.584 信息 [main] org.apache.catalina.startup.HostConfig.deployDirectory 把web 应用程序部署到目录 [D:\minisoftware\apache-tomcat-9.0.55\webapps\docs]
25-Nov-2021 14:07:08.609 信息 [main] org.apache.catalina.startup.HostConfig.deployDirectory Web应用程序目录[D:\minisoftware\apache-tomcat-9.0.55\webapps\docs]的部署已在[25]毫秒内完成
25-Nov-2021 14:07:08.615 信息 [main] org.apache.catalina.startup.HostConfig.deployDirectory 把web 应用程序部署到目录 [D:\minisoftware\apache-tomcat-9.0.55\webapps\examples]
25-Nov-2021 14:07:08.957 信息 [main] org.apache.catalina.startup.HostConfig.deployDirectory Web应用程序目录[D:\minisoftware\apache-tomcat-9.0.55\webapps\examples]的部署已在[342]毫秒内完成
25-Nov-2021 14:07:08.961 信息 [main] org.apache.catalina.startup.HostConfig.deployDirectory 把web 应用程序部署到目录 [D:\minisoftware\apache-tomcat-9.0.55\webapps\host-manager]
25-Nov-2021 14:07:08.992 信息 [main] org.apache.catalina.startup.HostConfig.deployDirectory Web应用程序目录[D:\minisoftware\apache-tomcat-9.0.55\webapps\host-manager]的部署已在[30]毫秒内完成
25-Nov-2021 14:07:08.997 信息 [main] org.apache.catalina.startup.HostConfig.deployDirectory 把web 应用程序部署到目录 [D:\minisoftware\apache-tomcat-9.0.55\webapps\manager]
25-Nov-2021 14:07:09.023 信息 [main] org.apache.catalina.startup.HostConfig.deployDirectory Web应用程序目录[D:\minisoftware\apache-tomcat-9.0.55\webapps\manager]的部署已在[27]毫秒内完成
25-Nov-2021 14:07:09.028 信息 [main] org.apache.catalina.startup.HostConfig.deployDirectory 把web 应用程序部署到目录 [D:\minisoftware\apache-tomcat-9.0.55\webapps\myweb]
25-Nov-2021 14:07:09.046 信息 [main] org.apache.catalina.startup.HostConfig.deployDirectory Web应用程序目录[D:\minisoftware\apache-tomcat-9.0.55\webapps\myweb]的部署已在[18]毫秒内完成
25-Nov-2021 14:07:09.052 信息 [main] org.apache.catalina.startup.HostConfig.deployDirectory 把web 应用程序部署到目录 [D:\minisoftware\apache-tomcat-9.0.55\webapps\ROOT]
25-Nov-2021 14:07:09.079 信息 [main] org.apache.catalina.startup.HostConfig.deployDirectory Web应用程序目录[D:\minisoftware\apache-tomcat-9.0.55\webapps\ROOT]的部署已在[27]毫秒内完成
25-Nov-2021 14:07:09.087 信息 [main] org.apache.coyote.AbstractProtocol.start 开始协议处理句柄["http-nio-8080"]
25-Nov-2021 14:07:09.100 信息 [main] org.apache.catalina.startup.Catalina.start [1295]毫秒后服务器启动
25-Nov-2021 14:08:03.261 信息 [main] org.apache.catalina.core.StandardServer.await 通过关闭端口接收到有效的关闭命令。正在停止服务器实例。
25-Nov-2021 14:08:03.261 信息 [main] org.apache.coyote.AbstractProtocol.pause 暂停ProtocolHandler["http-nio-8080"]
25-Nov-2021 14:08:03.735 信息 [main] org.apache.catalina.core.StandardService.stopInternal 正在停止服务[Catalina]
25-Nov-2021 14:08:03.749 信息 [main] org.apache.coyote.AbstractProtocol.stop 正在停止ProtocolHandler ["http-nio-8080"]
25-Nov-2021 14:08:03.757 信息 [main] org.apache.coyote.AbstractProtocol.destroy 正在摧毁协议处理器 ["http-nio-8080"]
25-Nov-2021 14:08:06.354 信息 [main] org.apache.catalina.startup.VersionLoggerListener.log Server.服务器版本: Apache Tomcat/9.0.55
25-Nov-2021 14:08:06.359 信息 [main] org.apache.catalina.startup.VersionLoggerListener.log 服务器构建:        Nov 10 2021 08:26:45 UTC
25-Nov-2021 14:08:06.359 信息 [main] org.apache.catalina.startup.VersionLoggerListener.log 服务器版本号:      9.0.55.0
25-Nov-2021 14:08:06.359 信息 [main] org.apache.catalina.startup.VersionLoggerListener.log 操作系统名称:      Windows 10
25-Nov-2021 14:08:06.359 信息 [main] org.apache.catalina.startup.VersionLoggerListener.log OS.版本:           10.0
25-Nov-2021 14:08:06.360 信息 [main] org.apache.catalina.startup.VersionLoggerListener.log 架构:              amd64
25-Nov-2021 14:08:06.360 信息 [main] org.apache.catalina.startup.VersionLoggerListener.log Java 环境变量:     C:\Program Files\Java\jdk1.8.0_301\jre
25-Nov-2021 14:08:06.360 信息 [main] org.apache.catalina.startup.VersionLoggerListener.log Java虚拟机版本:    1.8.0_301-b09
25-Nov-2021 14:08:06.360 信息 [main] org.apache.catalina.startup.VersionLoggerListener.log JVM.供应商:        Oracle Corporation
25-Nov-2021 14:08:06.361 信息 [main] org.apache.catalina.startup.VersionLoggerListener.log CATALINA_BASE:     D:\minisoftware\apache-tomcat-9.0.55
25-Nov-2021 14:08:06.361 信息 [main] org.apache.catalina.startup.VersionLoggerListener.log CATALINA_HOME:     D:\minisoftware\apache-tomcat-9.0.55
25-Nov-2021 14:08:06.361 信息 [main] org.apache.catalina.startup.VersionLoggerListener.log 命令行参数：       -Djava.util.logging.config.file=D:\minisoftware\apache-tomcat-9.0.55\conf\logging.properties
25-Nov-2021 14:08:06.361 信息 [main] org.apache.catalina.startup.VersionLoggerListener.log 命令行参数：       -Djava.util.logging.manager=org.apache.juli.ClassLoaderLogManager
25-Nov-2021 14:08:06.361 信息 [main] org.apache.catalina.startup.VersionLoggerListener.log 命令行参数：       -Djdk.tls.ephemeralDHKeySize=2048
25-Nov-2021 14:08:06.362 信息 [main] org.apache.catalina.startup.VersionLoggerListener.log 命令行参数：       -Djava.protocol.handler.pkgs=org.apache.catalina.webresources
25-Nov-2021 14:08:06.362 信息 [main] org.apache.catalina.startup.VersionLoggerListener.log 命令行参数：       -Dignore.endorsed.dirs=
25-Nov-2021 14:08:06.364 信息 [main] org.apache.catalina.startup.VersionLoggerListener.log 命令行参数：       -Dcatalina.base=D:\minisoftware\apache-tomcat-9.0.55
25-Nov-2021 14:08:06.365 信息 [main] org.apache.catalina.startup.VersionLoggerListener.log 命令行参数：       -Dcatalina.home=D:\minisoftware\apache-tomcat-9.0.55
25-Nov-2021 14:08:06.365 信息 [main] org.apache.catalina.startup.VersionLoggerListener.log 命令行参数：       -Djava.io.tmpdir=D:\minisoftware\apache-tomcat-9.0.55\temp
25-Nov-2021 14:08:06.369 信息 [main] org.apache.catalina.core.AprLifecycleListener.lifecycleEvent 使用APR版本[1.7.0]加载了基于APR的Apache Tomcat本机库[1.2.31]。
25-Nov-2021 14:08:06.374 信息 [main] org.apache.catalina.core.AprLifecycleListener.lifecycleEvent APR功能：IPv6[true]、sendfile[true]、accept filters[false]、random[true]、UDS [true]。
25-Nov-2021 14:08:06.378 信息 [main] org.apache.catalina.core.AprLifecycleListener.lifecycleEvent APR/OpenSSL配置：useAprConnector[false]，useOpenSSL[true]
25-Nov-2021 14:08:06.384 信息 [main] org.apache.catalina.core.AprLifecycleListener.initializeSSL OpenSSL成功初始化 [OpenSSL 1.1.1l  24 Aug 2021]
25-Nov-2021 14:08:06.685 信息 [main] org.apache.coyote.AbstractProtocol.init 初始化协议处理器 ["http-nio-8080"]
25-Nov-2021 14:08:06.704 信息 [main] org.apache.catalina.startup.Catalina.load 服务器在[508]毫秒内初始化
25-Nov-2021 14:08:06.733 信息 [main] org.apache.catalina.core.StandardService.startInternal 正在启动服务[Catalina]
25-Nov-2021 14:08:06.733 信息 [main] org.apache.catalina.core.StandardEngine.startInternal 正在启动 Servlet 引擎：[Apache Tomcat/9.0.55]
25-Nov-2021 14:08:06.746 信息 [main] org.apache.catalina.startup.HostConfig.deployDirectory 把web 应用程序部署到目录 [D:\minisoftware\apache-tomcat-9.0.55\webapps\crm]
25-Nov-2021 14:08:07.462 警告 [main] org.apache.catalina.util.SessionIdGeneratorBase.createSecureRandom 使用[SHA1PRNG]创建会话ID生成的SecureRandom实例花费了[514]毫秒。
25-Nov-2021 14:08:07.480 信息 [main] org.apache.catalina.startup.HostConfig.deployDirectory Web应用程序目录[D:\minisoftware\apache-tomcat-9.0.55\webapps\crm]的部署已在[735]毫秒内完成
25-Nov-2021 14:08:07.481 信息 [main] org.apache.catalina.startup.HostConfig.deployDirectory 把web 应用程序部署到目录 [D:\minisoftware\apache-tomcat-9.0.55\webapps\docs]
25-Nov-2021 14:08:07.509 信息 [main] org.apache.catalina.startup.HostConfig.deployDirectory Web应用程序目录[D:\minisoftware\apache-tomcat-9.0.55\webapps\docs]的部署已在[29]毫秒内完成
25-Nov-2021 14:08:07.515 信息 [main] org.apache.catalina.startup.HostConfig.deployDirectory 把web 应用程序部署到目录 [D:\minisoftware\apache-tomcat-9.0.55\webapps\examples]
25-Nov-2021 14:08:07.861 信息 [main] org.apache.catalina.startup.HostConfig.deployDirectory Web应用程序目录[D:\minisoftware\apache-tomcat-9.0.55\webapps\examples]的部署已在[346]毫秒内完成
25-Nov-2021 14:08:07.865 信息 [main] org.apache.catalina.startup.HostConfig.deployDirectory 把web 应用程序部署到目录 [D:\minisoftware\apache-tomcat-9.0.55\webapps\host-manager]
25-Nov-2021 14:08:07.893 信息 [main] org.apache.catalina.startup.HostConfig.deployDirectory Web应用程序目录[D:\minisoftware\apache-tomcat-9.0.55\webapps\host-manager]的部署已在[28]毫秒内完成
25-Nov-2021 14:08:07.898 信息 [main] org.apache.catalina.startup.HostConfig.deployDirectory 把web 应用程序部署到目录 [D:\minisoftware\apache-tomcat-9.0.55\webapps\manager]
25-Nov-2021 14:08:07.925 信息 [main] org.apache.catalina.startup.HostConfig.deployDirectory Web应用程序目录[D:\minisoftware\apache-tomcat-9.0.55\webapps\manager]的部署已在[26]毫秒内完成
25-Nov-2021 14:08:07.929 信息 [main] org.apache.catalina.startup.HostConfig.deployDirectory 把web 应用程序部署到目录 [D:\minisoftware\apache-tomcat-9.0.55\webapps\myweb]
25-Nov-2021 14:08:07.948 信息 [main] org.apache.catalina.startup.HostConfig.deployDirectory Web应用程序目录[D:\minisoftware\apache-tomcat-9.0.55\webapps\myweb]的部署已在[19]毫秒内完成
25-Nov-2021 14:08:07.955 信息 [main] org.apache.catalina.startup.HostConfig.deployDirectory 把web 应用程序部署到目录 [D:\minisoftware\apache-tomcat-9.0.55\webapps\ROOT]
25-Nov-2021 14:08:07.976 信息 [main] org.apache.catalina.startup.HostConfig.deployDirectory Web应用程序目录[D:\minisoftware\apache-tomcat-9.0.55\webapps\ROOT]的部署已在[21]毫秒内完成
25-Nov-2021 14:08:07.984 信息 [main] org.apache.coyote.AbstractProtocol.start 开始协议处理句柄["http-nio-8080"]
25-Nov-2021 14:08:07.997 信息 [main] org.apache.catalina.startup.Catalina.start [1292]毫秒后服务器启动
25-Nov-2021 14:10:27.930 信息 [main] org.apache.catalina.core.StandardServer.await 通过关闭端口接收到有效的关闭命令。正在停止服务器实例。
25-Nov-2021 14:10:27.935 信息 [main] org.apache.coyote.AbstractProtocol.pause 暂停ProtocolHandler["http-nio-8080"]
25-Nov-2021 14:10:28.427 信息 [main] org.apache.catalina.core.StandardService.stopInternal 正在停止服务[Catalina]
25-Nov-2021 14:10:28.443 信息 [main] org.apache.coyote.AbstractProtocol.stop 正在停止ProtocolHandler ["http-nio-8080"]
25-Nov-2021 14:10:28.449 信息 [main] org.apache.coyote.AbstractProtocol.destroy 正在摧毁协议处理器 ["http-nio-8080"]
25-Nov-2021 14:10:34.431 信息 [main] org.apache.catalina.startup.VersionLoggerListener.log Server.服务器版本: Apache Tomcat/9.0.55
25-Nov-2021 14:10:34.436 信息 [main] org.apache.catalina.startup.VersionLoggerListener.log 服务器构建:        Nov 10 2021 08:26:45 UTC
25-Nov-2021 14:10:34.437 信息 [main] org.apache.catalina.startup.VersionLoggerListener.log 服务器版本号:      9.0.55.0
25-Nov-2021 14:10:34.437 信息 [main] org.apache.catalina.startup.VersionLoggerListener.log 操作系统名称:      Windows 10
25-Nov-2021 14:10:34.437 信息 [main] org.apache.catalina.startup.VersionLoggerListener.log OS.版本:           10.0
25-Nov-2021 14:10:34.437 信息 [main] org.apache.catalina.startup.VersionLoggerListener.log 架构:              amd64
25-Nov-2021 14:10:34.437 信息 [main] org.apache.catalina.startup.VersionLoggerListener.log Java 环境变量:     C:\Program Files\Java\jdk1.8.0_301\jre
25-Nov-2021 14:10:34.437 信息 [main] org.apache.catalina.startup.VersionLoggerListener.log Java虚拟机版本:    1.8.0_301-b09
25-Nov-2021 14:10:34.437 信息 [main] org.apache.catalina.startup.VersionLoggerListener.log JVM.供应商:        Oracle Corporation
25-Nov-2021 14:10:34.438 信息 [main] org.apache.catalina.startup.VersionLoggerListener.log CATALINA_BASE:     D:\minisoftware\apache-tomcat-9.0.55
25-Nov-2021 14:10:34.438 信息 [main] org.apache.catalina.startup.VersionLoggerListener.log CATALINA_HOME:     D:\minisoftware\apache-tomcat-9.0.55
25-Nov-2021 14:10:34.439 信息 [main] org.apache.catalina.startup.VersionLoggerListener.log 命令行参数：       -Djava.util.logging.config.file=D:\minisoftware\apache-tomcat-9.0.55\conf\logging.properties
25-Nov-2021 14:10:34.439 信息 [main] org.apache.catalina.startup.VersionLoggerListener.log 命令行参数：       -Djava.util.logging.manager=org.apache.juli.ClassLoaderLogManager
25-Nov-2021 14:10:34.439 信息 [main] org.apache.catalina.startup.VersionLoggerListener.log 命令行参数：       -Djdk.tls.ephemeralDHKeySize=2048
25-Nov-2021 14:10:34.439 信息 [main] org.apache.catalina.startup.VersionLoggerListener.log 命令行参数：       -Djava.protocol.handler.pkgs=org.apache.catalina.webresources
25-Nov-2021 14:10:34.440 信息 [main] org.apache.catalina.startup.VersionLoggerListener.log 命令行参数：       -Dignore.endorsed.dirs=
25-Nov-2021 14:10:34.441 信息 [main] org.apache.catalina.startup.VersionLoggerListener.log 命令行参数：       -Dcatalina.base=D:\minisoftware\apache-tomcat-9.0.55
25-Nov-2021 14:10:34.442 信息 [main] org.apache.catalina.startup.VersionLoggerListener.log 命令行参数：       -Dcatalina.home=D:\minisoftware\apache-tomcat-9.0.55
25-Nov-2021 14:10:34.442 信息 [main] org.apache.catalina.startup.VersionLoggerListener.log 命令行参数：       -Djava.io.tmpdir=D:\minisoftware\apache-tomcat-9.0.55\temp
25-Nov-2021 14:10:34.446 信息 [main] org.apache.catalina.core.AprLifecycleListener.lifecycleEvent 使用APR版本[1.7.0]加载了基于APR的Apache Tomcat本机库[1.2.31]。
25-Nov-2021 14:10:34.449 信息 [main] org.apache.catalina.core.AprLifecycleListener.lifecycleEvent APR功能：IPv6[true]、sendfile[true]、accept filters[false]、random[true]、UDS [true]。
25-Nov-2021 14:10:34.453 信息 [main] org.apache.catalina.core.AprLifecycleListener.lifecycleEvent APR/OpenSSL配置：useAprConnector[false]，useOpenSSL[true]
25-Nov-2021 14:10:34.459 信息 [main] org.apache.catalina.core.AprLifecycleListener.initializeSSL OpenSSL成功初始化 [OpenSSL 1.1.1l  24 Aug 2021]
25-Nov-2021 14:10:34.760 信息 [main] org.apache.coyote.AbstractProtocol.init 初始化协议处理器 ["http-nio-8080"]
25-Nov-2021 14:10:34.779 信息 [main] org.apache.catalina.startup.Catalina.load 服务器在[502]毫秒内初始化
25-Nov-2021 14:10:34.809 信息 [main] org.apache.catalina.core.StandardService.startInternal 正在启动服务[Catalina]
25-Nov-2021 14:10:34.809 信息 [main] org.apache.catalina.core.StandardEngine.startInternal 正在启动 Servlet 引擎：[Apache Tomcat/9.0.55]
25-Nov-2021 14:10:34.819 信息 [main] org.apache.catalina.startup.HostConfig.deployDirectory 把web 应用程序部署到目录 [D:\minisoftware\apache-tomcat-9.0.55\webapps\crm]
25-Nov-2021 14:10:35.547 警告 [main] org.apache.catalina.util.SessionIdGeneratorBase.createSecureRandom 使用[SHA1PRNG]创建会话ID生成的SecureRandom实例花费了[518]毫秒。
25-Nov-2021 14:10:35.564 信息 [main] org.apache.catalina.startup.HostConfig.deployDirectory Web应用程序目录[D:\minisoftware\apache-tomcat-9.0.55\webapps\crm]的部署已在[745]毫秒内完成
25-Nov-2021 14:10:35.565 信息 [main] org.apache.catalina.startup.HostConfig.deployDirectory 把web 应用程序部署到目录 [D:\minisoftware\apache-tomcat-9.0.55\webapps\docs]
25-Nov-2021 14:10:35.586 信息 [main] org.apache.catalina.startup.HostConfig.deployDirectory Web应用程序目录[D:\minisoftware\apache-tomcat-9.0.55\webapps\docs]的部署已在[22]毫秒内完成
25-Nov-2021 14:10:35.591 信息 [main] org.apache.catalina.startup.HostConfig.deployDirectory 把web 应用程序部署到目录 [D:\minisoftware\apache-tomcat-9.0.55\webapps\examples]
25-Nov-2021 14:10:35.933 信息 [main] org.apache.catalina.startup.HostConfig.deployDirectory Web应用程序目录[D:\minisoftware\apache-tomcat-9.0.55\webapps\examples]的部署已在[341]毫秒内完成
25-Nov-2021 14:10:35.940 信息 [main] org.apache.catalina.startup.HostConfig.deployDirectory 把web 应用程序部署到目录 [D:\minisoftware\apache-tomcat-9.0.55\webapps\host-manager]
25-Nov-2021 14:10:35.970 信息 [main] org.apache.catalina.startup.HostConfig.deployDirectory Web应用程序目录[D:\minisoftware\apache-tomcat-9.0.55\webapps\host-manager]的部署已在[30]毫秒内完成
25-Nov-2021 14:10:35.976 信息 [main] org.apache.catalina.startup.HostConfig.deployDirectory 把web 应用程序部署到目录 [D:\minisoftware\apache-tomcat-9.0.55\webapps\manager]
25-Nov-2021 14:10:36.004 信息 [main] org.apache.catalina.startup.HostConfig.deployDirectory Web应用程序目录[D:\minisoftware\apache-tomcat-9.0.55\webapps\manager]的部署已在[28]毫秒内完成
25-Nov-2021 14:10:36.010 信息 [main] org.apache.catalina.startup.HostConfig.deployDirectory 把web 应用程序部署到目录 [D:\minisoftware\apache-tomcat-9.0.55\webapps\myweb]
25-Nov-2021 14:10:36.030 信息 [main] org.apache.catalina.startup.HostConfig.deployDirectory Web应用程序目录[D:\minisoftware\apache-tomcat-9.0.55\webapps\myweb]的部署已在[20]毫秒内完成
25-Nov-2021 14:10:36.031 信息 [main] org.apache.catalina.startup.HostConfig.deployDirectory 把web 应用程序部署到目录 [D:\minisoftware\apache-tomcat-9.0.55\webapps\ROOT]
25-Nov-2021 14:10:36.051 信息 [main] org.apache.catalina.startup.HostConfig.deployDirectory Web应用程序目录[D:\minisoftware\apache-tomcat-9.0.55\webapps\ROOT]的部署已在[20]毫秒内完成
25-Nov-2021 14:10:36.060 信息 [main] org.apache.coyote.AbstractProtocol.start 开始协议处理句柄["http-nio-8080"]
25-Nov-2021 14:10:36.072 信息 [main] org.apache.catalina.startup.Catalina.start [1293]毫秒后服务器启动
25-Nov-2021 14:11:08.746 信息 [main] org.apache.catalina.core.StandardServer.await 通过关闭端口接收到有效的关闭命令。正在停止服务器实例。
25-Nov-2021 14:11:08.751 信息 [main] org.apache.coyote.AbstractProtocol.pause 暂停ProtocolHandler["http-nio-8080"]
25-Nov-2021 14:11:09.256 信息 [main] org.apache.catalina.core.StandardService.stopInternal 正在停止服务[Catalina]
25-Nov-2021 14:11:09.273 信息 [main] org.apache.coyote.AbstractProtocol.stop 正在停止ProtocolHandler ["http-nio-8080"]
25-Nov-2021 14:11:09.277 信息 [main] org.apache.coyote.AbstractProtocol.destroy 正在摧毁协议处理器 ["http-nio-8080"]
25-Nov-2021 14:11:39.276 信息 [main] org.apache.catalina.startup.VersionLoggerListener.log Server.服务器版本: Apache Tomcat/9.0.55
25-Nov-2021 14:11:39.282 信息 [main] org.apache.catalina.startup.VersionLoggerListener.log 服务器构建:        Nov 10 2021 08:26:45 UTC
25-Nov-2021 14:11:39.282 信息 [main] org.apache.catalina.startup.VersionLoggerListener.log 服务器版本号:      9.0.55.0
25-Nov-2021 14:11:39.282 信息 [main] org.apache.catalina.startup.VersionLoggerListener.log 操作系统名称:      Windows 10
25-Nov-2021 14:11:39.282 信息 [main] org.apache.catalina.startup.VersionLoggerListener.log OS.版本:           10.0
25-Nov-2021 14:11:39.282 信息 [main] org.apache.catalina.startup.VersionLoggerListener.log 架构:              amd64
25-Nov-2021 14:11:39.282 信息 [main] org.apache.catalina.startup.VersionLoggerListener.log Java 环境变量:     C:\Program Files\Java\jdk1.8.0_301\jre
25-Nov-2021 14:11:39.282 信息 [main] org.apache.catalina.startup.VersionLoggerListener.log Java虚拟机版本:    1.8.0_301-b09
25-Nov-2021 14:11:39.283 信息 [main] org.apache.catalina.startup.VersionLoggerListener.log JVM.供应商:        Oracle Corporation
25-Nov-2021 14:11:39.283 信息 [main] org.apache.catalina.startup.VersionLoggerListener.log CATALINA_BASE:     D:\minisoftware\apache-tomcat-9.0.55
25-Nov-2021 14:11:39.283 信息 [main] org.apache.catalina.startup.VersionLoggerListener.log CATALINA_HOME:     D:\minisoftware\apache-tomcat-9.0.55
25-Nov-2021 14:11:39.284 信息 [main] org.apache.catalina.startup.VersionLoggerListener.log 命令行参数：       -Djava.util.logging.config.file=D:\minisoftware\apache-tomcat-9.0.55\conf\logging.properties
25-Nov-2021 14:11:39.284 信息 [main] org.apache.catalina.startup.VersionLoggerListener.log 命令行参数：       -Djava.util.logging.manager=org.apache.juli.ClassLoaderLogManager
25-Nov-2021 14:11:39.284 信息 [main] org.apache.catalina.startup.VersionLoggerListener.log 命令行参数：       -Djdk.tls.ephemeralDHKeySize=2048
25-Nov-2021 14:11:39.284 信息 [main] org.apache.catalina.startup.VersionLoggerListener.log 命令行参数：       -Djava.protocol.handler.pkgs=org.apache.catalina.webresources
25-Nov-2021 14:11:39.285 信息 [main] org.apache.catalina.startup.VersionLoggerListener.log 命令行参数：       -Dignore.endorsed.dirs=
25-Nov-2021 14:11:39.286 信息 [main] org.apache.catalina.startup.VersionLoggerListener.log 命令行参数：       -Dcatalina.base=D:\minisoftware\apache-tomcat-9.0.55
25-Nov-2021 14:11:39.287 信息 [main] org.apache.catalina.startup.VersionLoggerListener.log 命令行参数：       -Dcatalina.home=D:\minisoftware\apache-tomcat-9.0.55
25-Nov-2021 14:11:39.288 信息 [main] org.apache.catalina.startup.VersionLoggerListener.log 命令行参数：       -Djava.io.tmpdir=D:\minisoftware\apache-tomcat-9.0.55\temp
25-Nov-2021 14:11:39.291 信息 [main] org.apache.catalina.core.AprLifecycleListener.lifecycleEvent 使用APR版本[1.7.0]加载了基于APR的Apache Tomcat本机库[1.2.31]。
25-Nov-2021 14:11:39.294 信息 [main] org.apache.catalina.core.AprLifecycleListener.lifecycleEvent APR功能：IPv6[true]、sendfile[true]、accept filters[false]、random[true]、UDS [true]。
25-Nov-2021 14:11:39.300 信息 [main] org.apache.catalina.core.AprLifecycleListener.lifecycleEvent APR/OpenSSL配置：useAprConnector[false]，useOpenSSL[true]
25-Nov-2021 14:11:39.306 信息 [main] org.apache.catalina.core.AprLifecycleListener.initializeSSL OpenSSL成功初始化 [OpenSSL 1.1.1l  24 Aug 2021]
25-Nov-2021 14:11:39.604 信息 [main] org.apache.coyote.AbstractProtocol.init 初始化协议处理器 ["http-nio-8080"]
25-Nov-2021 14:11:39.621 信息 [main] org.apache.catalina.startup.Catalina.load 服务器在[502]毫秒内初始化
25-Nov-2021 14:11:39.650 信息 [main] org.apache.catalina.core.StandardService.startInternal 正在启动服务[Catalina]
25-Nov-2021 14:11:39.651 信息 [main] org.apache.catalina.core.StandardEngine.startInternal 正在启动 Servlet 引擎：[Apache Tomcat/9.0.55]
25-Nov-2021 14:11:39.662 信息 [main] org.apache.catalina.startup.HostConfig.deployDirectory 把web 应用程序部署到目录 [D:\minisoftware\apache-tomcat-9.0.55\webapps\crm]
25-Nov-2021 14:11:40.391 警告 [main] org.apache.catalina.util.SessionIdGeneratorBase.createSecureRandom 使用[SHA1PRNG]创建会话ID生成的SecureRandom实例花费了[532]毫秒。
25-Nov-2021 14:11:40.407 信息 [main] org.apache.catalina.startup.HostConfig.deployDirectory Web应用程序目录[D:\minisoftware\apache-tomcat-9.0.55\webapps\crm]的部署已在[745]毫秒内完成
25-Nov-2021 14:11:40.408 信息 [main] org.apache.catalina.startup.HostConfig.deployDirectory 把web 应用程序部署到目录 [D:\minisoftware\apache-tomcat-9.0.55\webapps\docs]
25-Nov-2021 14:11:40.431 信息 [main] org.apache.catalina.startup.HostConfig.deployDirectory Web应用程序目录[D:\minisoftware\apache-tomcat-9.0.55\webapps\docs]的部署已在[23]毫秒内完成
25-Nov-2021 14:11:40.437 信息 [main] org.apache.catalina.startup.HostConfig.deployDirectory 把web 应用程序部署到目录 [D:\minisoftware\apache-tomcat-9.0.55\webapps\examples]
25-Nov-2021 14:11:40.800 信息 [main] org.apache.catalina.startup.HostConfig.deployDirectory Web应用程序目录[D:\minisoftware\apache-tomcat-9.0.55\webapps\examples]的部署已在[363]毫秒内完成
25-Nov-2021 14:11:40.805 信息 [main] org.apache.catalina.startup.HostConfig.deployDirectory 把web 应用程序部署到目录 [D:\minisoftware\apache-tomcat-9.0.55\webapps\host-manager]
25-Nov-2021 14:11:40.837 信息 [main] org.apache.catalina.startup.HostConfig.deployDirectory Web应用程序目录[D:\minisoftware\apache-tomcat-9.0.55\webapps\host-manager]的部署已在[32]毫秒内完成
25-Nov-2021 14:11:40.845 信息 [main] org.apache.catalina.startup.HostConfig.deployDirectory 把web 应用程序部署到目录 [D:\minisoftware\apache-tomcat-9.0.55\webapps\manager]
25-Nov-2021 14:11:40.877 信息 [main] org.apache.catalina.startup.HostConfig.deployDirectory Web应用程序目录[D:\minisoftware\apache-tomcat-9.0.55\webapps\manager]的部署已在[31]毫秒内完成
25-Nov-2021 14:11:40.882 信息 [main] org.apache.catalina.startup.HostConfig.deployDirectory 把web 应用程序部署到目录 [D:\minisoftware\apache-tomcat-9.0.55\webapps\myweb]
25-Nov-2021 14:11:40.911 信息 [main] org.apache.catalina.startup.HostConfig.deployDirectory Web应用程序目录[D:\minisoftware\apache-tomcat-9.0.55\webapps\myweb]的部署已在[29]毫秒内完成
25-Nov-2021 14:11:40.916 信息 [main] org.apache.catalina.startup.HostConfig.deployDirectory 把web 应用程序部署到目录 [D:\minisoftware\apache-tomcat-9.0.55\webapps\ROOT]
25-Nov-2021 14:11:40.944 信息 [main] org.apache.catalina.startup.HostConfig.deployDirectory Web应用程序目录[D:\minisoftware\apache-tomcat-9.0.55\webapps\ROOT]的部署已在[28]毫秒内完成
25-Nov-2021 14:11:40.953 信息 [main] org.apache.coyote.AbstractProtocol.start 开始协议处理句柄["http-nio-8080"]
25-Nov-2021 14:11:40.965 信息 [main] org.apache.catalina.startup.Catalina.start [1343]毫秒后服务器启动
25-Nov-2021 14:12:07.270 信息 [main] org.apache.catalina.core.StandardServer.await 通过关闭端口接收到有效的关闭命令。正在停止服务器实例。
25-Nov-2021 14:12:07.275 信息 [main] org.apache.coyote.AbstractProtocol.pause 暂停ProtocolHandler["http-nio-8080"]
25-Nov-2021 14:12:07.776 信息 [main] org.apache.catalina.core.StandardService.stopInternal 正在停止服务[Catalina]
25-Nov-2021 14:12:07.793 信息 [main] org.apache.coyote.AbstractProtocol.stop 正在停止ProtocolHandler ["http-nio-8080"]
25-Nov-2021 14:12:07.799 信息 [main] org.apache.coyote.AbstractProtocol.destroy 正在摧毁协议处理器 ["http-nio-8080"]
25-Nov-2021 14:24:36.203 信息 [main] org.apache.catalina.startup.VersionLoggerListener.log Server.服务器版本: Apache Tomcat/9.0.55
25-Nov-2021 14:24:36.208 信息 [main] org.apache.catalina.startup.VersionLoggerListener.log 服务器构建:        Nov 10 2021 08:26:45 UTC
25-Nov-2021 14:24:36.209 信息 [main] org.apache.catalina.startup.VersionLoggerListener.log 服务器版本号:      9.0.55.0
25-Nov-2021 14:24:36.209 信息 [main] org.apache.catalina.startup.VersionLoggerListener.log 操作系统名称:      Windows 10
25-Nov-2021 14:24:36.209 信息 [main] org.apache.catalina.startup.VersionLoggerListener.log OS.版本:           10.0
25-Nov-2021 14:24:36.210 信息 [main] org.apache.catalina.startup.VersionLoggerListener.log 架构:              amd64
25-Nov-2021 14:24:36.210 信息 [main] org.apache.catalina.startup.VersionLoggerListener.log Java 环境变量:     C:\Program Files\Java\jdk1.8.0_301\jre
25-Nov-2021 14:24:36.210 信息 [main] org.apache.catalina.startup.VersionLoggerListener.log Java虚拟机版本:    1.8.0_301-b09
25-Nov-2021 14:24:36.210 信息 [main] org.apache.catalina.startup.VersionLoggerListener.log JVM.供应商:        Oracle Corporation
25-Nov-2021 14:24:36.210 信息 [main] org.apache.catalina.startup.VersionLoggerListener.log CATALINA_BASE:     D:\minisoftware\apache-tomcat-9.0.55
25-Nov-2021 14:24:36.210 信息 [main] org.apache.catalina.startup.VersionLoggerListener.log CATALINA_HOME:     D:\minisoftware\apache-tomcat-9.0.55
25-Nov-2021 14:24:36.211 信息 [main] org.apache.catalina.startup.VersionLoggerListener.log 命令行参数：       -Djava.util.logging.config.file=D:\minisoftware\apache-tomcat-9.0.55\conf\logging.properties
25-Nov-2021 14:24:36.211 信息 [main] org.apache.catalina.startup.VersionLoggerListener.log 命令行参数：       -Djava.util.logging.manager=org.apache.juli.ClassLoaderLogManager
25-Nov-2021 14:24:36.211 信息 [main] org.apache.catalina.startup.VersionLoggerListener.log 命令行参数：       -Djdk.tls.ephemeralDHKeySize=2048
25-Nov-2021 14:24:36.212 信息 [main] org.apache.catalina.startup.VersionLoggerListener.log 命令行参数：       -Djava.protocol.handler.pkgs=org.apache.catalina.webresources
25-Nov-2021 14:24:36.212 信息 [main] org.apache.catalina.startup.VersionLoggerListener.log 命令行参数：       -Dignore.endorsed.dirs=
25-Nov-2021 14:24:36.213 信息 [main] org.apache.catalina.startup.VersionLoggerListener.log 命令行参数：       -Dcatalina.base=D:\minisoftware\apache-tomcat-9.0.55
25-Nov-2021 14:24:36.216 信息 [main] org.apache.catalina.startup.VersionLoggerListener.log 命令行参数：       -Dcatalina.home=D:\minisoftware\apache-tomcat-9.0.55
25-Nov-2021 14:24:36.216 信息 [main] org.apache.catalina.startup.VersionLoggerListener.log 命令行参数：       -Djava.io.tmpdir=D:\minisoftware\apache-tomcat-9.0.55\temp
25-Nov-2021 14:24:36.220 信息 [main] org.apache.catalina.core.AprLifecycleListener.lifecycleEvent 使用APR版本[1.7.0]加载了基于APR的Apache Tomcat本机库[1.2.31]。
25-Nov-2021 14:24:36.224 信息 [main] org.apache.catalina.core.AprLifecycleListener.lifecycleEvent APR功能：IPv6[true]、sendfile[true]、accept filters[false]、random[true]、UDS [true]。
25-Nov-2021 14:24:36.226 信息 [main] org.apache.catalina.core.AprLifecycleListener.lifecycleEvent APR/OpenSSL配置：useAprConnector[false]，useOpenSSL[true]
25-Nov-2021 14:24:36.232 信息 [main] org.apache.catalina.core.AprLifecycleListener.initializeSSL OpenSSL成功初始化 [OpenSSL 1.1.1l  24 Aug 2021]
25-Nov-2021 14:24:36.540 信息 [main] org.apache.coyote.AbstractProtocol.init 初始化协议处理器 ["http-nio-8080"]
25-Nov-2021 14:24:36.558 信息 [main] org.apache.catalina.startup.Catalina.load 服务器在[524]毫秒内初始化
25-Nov-2021 14:24:36.588 信息 [main] org.apache.catalina.core.StandardService.startInternal 正在启动服务[Catalina]
25-Nov-2021 14:24:36.588 信息 [main] org.apache.catalina.core.StandardEngine.startInternal 正在启动 Servlet 引擎：[Apache Tomcat/9.0.55]
25-Nov-2021 14:24:36.598 信息 [main] org.apache.catalina.startup.HostConfig.deployDirectory 把web 应用程序部署到目录 [D:\minisoftware\apache-tomcat-9.0.55\webapps\crm]
25-Nov-2021 14:24:37.345 警告 [main] org.apache.catalina.util.SessionIdGeneratorBase.createSecureRandom 使用[SHA1PRNG]创建会话ID生成的SecureRandom实例花费了[521]毫秒。
25-Nov-2021 14:24:37.363 信息 [main] org.apache.catalina.startup.HostConfig.deployDirectory Web应用程序目录[D:\minisoftware\apache-tomcat-9.0.55\webapps\crm]的部署已在[765]毫秒内完成
25-Nov-2021 14:24:37.367 信息 [main] org.apache.catalina.startup.HostConfig.deployDirectory 把web 应用程序部署到目录 [D:\minisoftware\apache-tomcat-9.0.55\webapps\docs]
25-Nov-2021 14:24:37.400 信息 [main] org.apache.catalina.startup.HostConfig.deployDirectory Web应用程序目录[D:\minisoftware\apache-tomcat-9.0.55\webapps\docs]的部署已在[32]毫秒内完成
25-Nov-2021 14:24:37.405 信息 [main] org.apache.catalina.startup.HostConfig.deployDirectory 把web 应用程序部署到目录 [D:\minisoftware\apache-tomcat-9.0.55\webapps\examples]
25-Nov-2021 14:24:37.767 信息 [main] org.apache.catalina.startup.HostConfig.deployDirectory Web应用程序目录[D:\minisoftware\apache-tomcat-9.0.55\webapps\examples]的部署已在[362]毫秒内完成
25-Nov-2021 14:24:37.773 信息 [main] org.apache.catalina.startup.HostConfig.deployDirectory 把web 应用程序部署到目录 [D:\minisoftware\apache-tomcat-9.0.55\webapps\host-manager]
25-Nov-2021 14:24:37.807 信息 [main] org.apache.catalina.startup.HostConfig.deployDirectory Web应用程序目录[D:\minisoftware\apache-tomcat-9.0.55\webapps\host-manager]的部署已在[34]毫秒内完成
25-Nov-2021 14:24:37.817 信息 [main] org.apache.catalina.startup.HostConfig.deployDirectory 把web 应用程序部署到目录 [D:\minisoftware\apache-tomcat-9.0.55\webapps\manager]
25-Nov-2021 14:24:37.847 信息 [main] org.apache.catalina.startup.HostConfig.deployDirectory Web应用程序目录[D:\minisoftware\apache-tomcat-9.0.55\webapps\manager]的部署已在[30]毫秒内完成
25-Nov-2021 14:24:37.855 信息 [main] org.apache.catalina.startup.HostConfig.deployDirectory 把web 应用程序部署到目录 [D:\minisoftware\apache-tomcat-9.0.55\webapps\myweb]
25-Nov-2021 14:24:37.883 信息 [main] org.apache.catalina.startup.HostConfig.deployDirectory Web应用程序目录[D:\minisoftware\apache-tomcat-9.0.55\webapps\myweb]的部署已在[29]毫秒内完成
25-Nov-2021 14:24:37.889 信息 [main] org.apache.catalina.startup.HostConfig.deployDirectory 把web 应用程序部署到目录 [D:\minisoftware\apache-tomcat-9.0.55\webapps\ROOT]
25-Nov-2021 14:24:37.916 信息 [main] org.apache.catalina.startup.HostConfig.deployDirectory Web应用程序目录[D:\minisoftware\apache-tomcat-9.0.55\webapps\ROOT]的部署已在[27]毫秒内完成
25-Nov-2021 14:24:37.919 信息 [main] org.apache.coyote.AbstractProtocol.start 开始协议处理句柄["http-nio-8080"]
25-Nov-2021 14:24:37.938 信息 [main] org.apache.catalina.startup.Catalina.start [1379]毫秒后服务器启动
25-Nov-2021 14:25:30.655 信息 [main] org.apache.catalina.core.StandardServer.await 通过关闭端口接收到有效的关闭命令。正在停止服务器实例。
25-Nov-2021 14:25:30.660 信息 [main] org.apache.coyote.AbstractProtocol.pause 暂停ProtocolHandler["http-nio-8080"]
25-Nov-2021 14:25:31.150 信息 [main] org.apache.catalina.core.StandardService.stopInternal 正在停止服务[Catalina]
25-Nov-2021 14:25:31.166 信息 [main] org.apache.coyote.AbstractProtocol.stop 正在停止ProtocolHandler ["http-nio-8080"]
25-Nov-2021 14:25:31.173 信息 [main] org.apache.coyote.AbstractProtocol.destroy 正在摧毁协议处理器 ["http-nio-8080"]
25-Nov-2021 16:40:38.974 信息 [main] org.apache.catalina.startup.VersionLoggerListener.log Server.服务器版本: Apache Tomcat/9.0.55
25-Nov-2021 16:40:38.980 信息 [main] org.apache.catalina.startup.VersionLoggerListener.log 服务器构建:        Nov 10 2021 08:26:45 UTC
25-Nov-2021 16:40:38.980 信息 [main] org.apache.catalina.startup.VersionLoggerListener.log 服务器版本号:      9.0.55.0
25-Nov-2021 16:40:38.981 信息 [main] org.apache.catalina.startup.VersionLoggerListener.log 操作系统名称:      Windows 10
25-Nov-2021 16:40:38.982 信息 [main] org.apache.catalina.startup.VersionLoggerListener.log OS.版本:           10.0
25-Nov-2021 16:40:38.982 信息 [main] org.apache.catalina.startup.VersionLoggerListener.log 架构:              amd64
25-Nov-2021 16:40:38.982 信息 [main] org.apache.catalina.startup.VersionLoggerListener.log Java 环境变量:     C:\Program Files\Java\jdk1.8.0_301\jre
25-Nov-2021 16:40:38.983 信息 [main] org.apache.catalina.startup.VersionLoggerListener.log Java虚拟机版本:    1.8.0_301-b09
25-Nov-2021 16:40:38.983 信息 [main] org.apache.catalina.startup.VersionLoggerListener.log JVM.供应商:        Oracle Corporation
25-Nov-2021 16:40:38.983 信息 [main] org.apache.catalina.startup.VersionLoggerListener.log CATALINA_BASE:     D:\minisoftware\apache-tomcat-9.0.55
25-Nov-2021 16:40:38.983 信息 [main] org.apache.catalina.startup.VersionLoggerListener.log CATALINA_HOME:     D:\minisoftware\apache-tomcat-9.0.55
25-Nov-2021 16:40:38.983 信息 [main] org.apache.catalina.startup.VersionLoggerListener.log 命令行参数：       -Djava.util.logging.config.file=D:\minisoftware\apache-tomcat-9.0.55\conf\logging.properties
25-Nov-2021 16:40:38.984 信息 [main] org.apache.catalina.startup.VersionLoggerListener.log 命令行参数：       -Djava.util.logging.manager=org.apache.juli.ClassLoaderLogManager
25-Nov-2021 16:40:38.984 信息 [main] org.apache.catalina.startup.VersionLoggerListener.log 命令行参数：       -Djdk.tls.ephemeralDHKeySize=2048
25-Nov-2021 16:40:38.985 信息 [main] org.apache.catalina.startup.VersionLoggerListener.log 命令行参数：       -Djava.protocol.handler.pkgs=org.apache.catalina.webresources
25-Nov-2021 16:40:38.985 信息 [main] org.apache.catalina.startup.VersionLoggerListener.log 命令行参数：       -Dignore.endorsed.dirs=
25-Nov-2021 16:40:38.986 信息 [main] org.apache.catalina.startup.VersionLoggerListener.log 命令行参数：       -Dcatalina.base=D:\minisoftware\apache-tomcat-9.0.55
25-Nov-2021 16:40:38.987 信息 [main] org.apache.catalina.startup.VersionLoggerListener.log 命令行参数：       -Dcatalina.home=D:\minisoftware\apache-tomcat-9.0.55
25-Nov-2021 16:40:38.987 信息 [main] org.apache.catalina.startup.VersionLoggerListener.log 命令行参数：       -Djava.io.tmpdir=D:\minisoftware\apache-tomcat-9.0.55\temp
25-Nov-2021 16:40:38.991 信息 [main] org.apache.catalina.core.AprLifecycleListener.lifecycleEvent 使用APR版本[1.7.0]加载了基于APR的Apache Tomcat本机库[1.2.31]。
25-Nov-2021 16:40:38.999 信息 [main] org.apache.catalina.core.AprLifecycleListener.lifecycleEvent APR功能：IPv6[true]、sendfile[true]、accept filters[false]、random[true]、UDS [true]。
25-Nov-2021 16:40:39.001 信息 [main] org.apache.catalina.core.AprLifecycleListener.lifecycleEvent APR/OpenSSL配置：useAprConnector[false]，useOpenSSL[true]
25-Nov-2021 16:40:39.007 信息 [main] org.apache.catalina.core.AprLifecycleListener.initializeSSL OpenSSL成功初始化 [OpenSSL 1.1.1l  24 Aug 2021]
25-Nov-2021 16:40:39.311 信息 [main] org.apache.coyote.AbstractProtocol.init 初始化协议处理器 ["http-nio-8080"]
25-Nov-2021 16:40:39.332 信息 [main] org.apache.catalina.startup.Catalina.load 服务器在[521]毫秒内初始化
25-Nov-2021 16:40:39.360 信息 [main] org.apache.catalina.core.StandardService.startInternal 正在启动服务[Catalina]
25-Nov-2021 16:40:39.361 信息 [main] org.apache.catalina.core.StandardEngine.startInternal 正在启动 Servlet 引擎：[Apache Tomcat/9.0.55]
25-Nov-2021 16:40:39.372 信息 [main] org.apache.catalina.startup.HostConfig.deployDirectory 把web 应用程序部署到目录 [D:\minisoftware\apache-tomcat-9.0.55\webapps\crm]
25-Nov-2021 16:40:40.098 警告 [main] org.apache.catalina.util.SessionIdGeneratorBase.createSecureRandom 使用[SHA1PRNG]创建会话ID生成的SecureRandom实例花费了[509]毫秒。
25-Nov-2021 16:40:40.114 信息 [main] org.apache.catalina.startup.HostConfig.deployDirectory Web应用程序目录[D:\minisoftware\apache-tomcat-9.0.55\webapps\crm]的部署已在[741]毫秒内完成
25-Nov-2021 16:40:40.120 信息 [main] org.apache.catalina.startup.HostConfig.deployDirectory 把web 应用程序部署到目录 [D:\minisoftware\apache-tomcat-9.0.55\webapps\docs]
25-Nov-2021 16:40:40.144 信息 [main] org.apache.catalina.startup.HostConfig.deployDirectory Web应用程序目录[D:\minisoftware\apache-tomcat-9.0.55\webapps\docs]的部署已在[24]毫秒内完成
25-Nov-2021 16:40:40.149 信息 [main] org.apache.catalina.startup.HostConfig.deployDirectory 把web 应用程序部署到目录 [D:\minisoftware\apache-tomcat-9.0.55\webapps\examples]
25-Nov-2021 16:40:40.489 信息 [main] org.apache.catalina.startup.HostConfig.deployDirectory Web应用程序目录[D:\minisoftware\apache-tomcat-9.0.55\webapps\examples]的部署已在[340]毫秒内完成
25-Nov-2021 16:40:40.494 信息 [main] org.apache.catalina.startup.HostConfig.deployDirectory 把web 应用程序部署到目录 [D:\minisoftware\apache-tomcat-9.0.55\webapps\host-manager]
25-Nov-2021 16:40:40.523 信息 [main] org.apache.catalina.startup.HostConfig.deployDirectory Web应用程序目录[D:\minisoftware\apache-tomcat-9.0.55\webapps\host-manager]的部署已在[28]毫秒内完成
25-Nov-2021 16:40:40.528 信息 [main] org.apache.catalina.startup.HostConfig.deployDirectory 把web 应用程序部署到目录 [D:\minisoftware\apache-tomcat-9.0.55\webapps\manager]
25-Nov-2021 16:40:40.557 信息 [main] org.apache.catalina.startup.HostConfig.deployDirectory Web应用程序目录[D:\minisoftware\apache-tomcat-9.0.55\webapps\manager]的部署已在[29]毫秒内完成
25-Nov-2021 16:40:40.562 信息 [main] org.apache.catalina.startup.HostConfig.deployDirectory 把web 应用程序部署到目录 [D:\minisoftware\apache-tomcat-9.0.55\webapps\myweb]
25-Nov-2021 16:40:40.585 信息 [main] org.apache.catalina.startup.HostConfig.deployDirectory Web应用程序目录[D:\minisoftware\apache-tomcat-9.0.55\webapps\myweb]的部署已在[23]毫秒内完成
25-Nov-2021 16:40:40.590 信息 [main] org.apache.catalina.startup.HostConfig.deployDirectory 把web 应用程序部署到目录 [D:\minisoftware\apache-tomcat-9.0.55\webapps\ROOT]
25-Nov-2021 16:40:40.618 信息 [main] org.apache.catalina.startup.HostConfig.deployDirectory Web应用程序目录[D:\minisoftware\apache-tomcat-9.0.55\webapps\ROOT]的部署已在[28]毫秒内完成
25-Nov-2021 16:40:40.626 信息 [main] org.apache.coyote.AbstractProtocol.start 开始协议处理句柄["http-nio-8080"]
25-Nov-2021 16:40:40.639 信息 [main] org.apache.catalina.startup.Catalina.start [1307]毫秒后服务器启动
25-Nov-2021 16:41:32.929 信息 [main] org.apache.catalina.core.StandardServer.await 通过关闭端口接收到有效的关闭命令。正在停止服务器实例。
25-Nov-2021 16:41:32.936 信息 [main] org.apache.coyote.AbstractProtocol.pause 暂停ProtocolHandler["http-nio-8080"]
25-Nov-2021 16:41:33.414 信息 [main] org.apache.catalina.core.StandardService.stopInternal 正在停止服务[Catalina]
25-Nov-2021 16:41:33.430 信息 [main] org.apache.coyote.AbstractProtocol.stop 正在停止ProtocolHandler ["http-nio-8080"]
25-Nov-2021 16:41:33.436 信息 [main] org.apache.coyote.AbstractProtocol.destroy 正在摧毁协议处理器 ["http-nio-8080"]
25-Nov-2021 16:41:36.414 信息 [main] org.apache.catalina.startup.VersionLoggerListener.log Server.服务器版本: Apache Tomcat/9.0.55
25-Nov-2021 16:41:36.420 信息 [main] org.apache.catalina.startup.VersionLoggerListener.log 服务器构建:        Nov 10 2021 08:26:45 UTC
25-Nov-2021 16:41:36.420 信息 [main] org.apache.catalina.startup.VersionLoggerListener.log 服务器版本号:      9.0.55.0
25-Nov-2021 16:41:36.420 信息 [main] org.apache.catalina.startup.VersionLoggerListener.log 操作系统名称:      Windows 10
25-Nov-2021 16:41:36.420 信息 [main] org.apache.catalina.startup.VersionLoggerListener.log OS.版本:           10.0
25-Nov-2021 16:41:36.420 信息 [main] org.apache.catalina.startup.VersionLoggerListener.log 架构:              amd64
25-Nov-2021 16:41:36.420 信息 [main] org.apache.catalina.startup.VersionLoggerListener.log Java 环境变量:     C:\Program Files\Java\jdk1.8.0_301\jre
25-Nov-2021 16:41:36.421 信息 [main] org.apache.catalina.startup.VersionLoggerListener.log Java虚拟机版本:    1.8.0_301-b09
25-Nov-2021 16:41:36.421 信息 [main] org.apache.catalina.startup.VersionLoggerListener.log JVM.供应商:        Oracle Corporation
25-Nov-2021 16:41:36.421 信息 [main] org.apache.catalina.startup.VersionLoggerListener.log CATALINA_BASE:     D:\minisoftware\apache-tomcat-9.0.55
25-Nov-2021 16:41:36.421 信息 [main] org.apache.catalina.startup.VersionLoggerListener.log CATALINA_HOME:     D:\minisoftware\apache-tomcat-9.0.55
25-Nov-2021 16:41:36.422 信息 [main] org.apache.catalina.startup.VersionLoggerListener.log 命令行参数：       -Djava.util.logging.config.file=D:\minisoftware\apache-tomcat-9.0.55\conf\logging.properties
25-Nov-2021 16:41:36.422 信息 [main] org.apache.catalina.startup.VersionLoggerListener.log 命令行参数：       -Djava.util.logging.manager=org.apache.juli.ClassLoaderLogManager
25-Nov-2021 16:41:36.422 信息 [main] org.apache.catalina.startup.VersionLoggerListener.log 命令行参数：       -Djdk.tls.ephemeralDHKeySize=2048
25-Nov-2021 16:41:36.422 信息 [main] org.apache.catalina.startup.VersionLoggerListener.log 命令行参数：       -Djava.protocol.handler.pkgs=org.apache.catalina.webresources
25-Nov-2021 16:41:36.423 信息 [main] org.apache.catalina.startup.VersionLoggerListener.log 命令行参数：       -Dignore.endorsed.dirs=
25-Nov-2021 16:41:36.426 信息 [main] org.apache.catalina.startup.VersionLoggerListener.log 命令行参数：       -Dcatalina.base=D:\minisoftware\apache-tomcat-9.0.55
25-Nov-2021 16:41:36.426 信息 [main] org.apache.catalina.startup.VersionLoggerListener.log 命令行参数：       -Dcatalina.home=D:\minisoftware\apache-tomcat-9.0.55
25-Nov-2021 16:41:36.428 信息 [main] org.apache.catalina.startup.VersionLoggerListener.log 命令行参数：       -Djava.io.tmpdir=D:\minisoftware\apache-tomcat-9.0.55\temp
25-Nov-2021 16:41:36.436 信息 [main] org.apache.catalina.core.AprLifecycleListener.lifecycleEvent 使用APR版本[1.7.0]加载了基于APR的Apache Tomcat本机库[1.2.31]。
25-Nov-2021 16:41:36.437 信息 [main] org.apache.catalina.core.AprLifecycleListener.lifecycleEvent APR功能：IPv6[true]、sendfile[true]、accept filters[false]、random[true]、UDS [true]。
25-Nov-2021 16:41:36.438 信息 [main] org.apache.catalina.core.AprLifecycleListener.lifecycleEvent APR/OpenSSL配置：useAprConnector[false]，useOpenSSL[true]
25-Nov-2021 16:41:36.445 信息 [main] org.apache.catalina.core.AprLifecycleListener.initializeSSL OpenSSL成功初始化 [OpenSSL 1.1.1l  24 Aug 2021]
25-Nov-2021 16:41:36.745 信息 [main] org.apache.coyote.AbstractProtocol.init 初始化协议处理器 ["http-nio-8080"]
25-Nov-2021 16:41:36.763 信息 [main] org.apache.catalina.startup.Catalina.load 服务器在[507]毫秒内初始化
25-Nov-2021 16:41:36.792 信息 [main] org.apache.catalina.core.StandardService.startInternal 正在启动服务[Catalina]
25-Nov-2021 16:41:36.792 信息 [main] org.apache.catalina.core.StandardEngine.startInternal 正在启动 Servlet 引擎：[Apache Tomcat/9.0.55]
25-Nov-2021 16:41:36.802 信息 [main] org.apache.catalina.startup.HostConfig.deployDirectory 把web 应用程序部署到目录 [D:\minisoftware\apache-tomcat-9.0.55\webapps\crm]
25-Nov-2021 16:41:37.359 信息 [main] org.apache.jasper.servlet.TldScanner.scanJars 至少有一个JAR被扫描用于TLD但尚未包含TLD。 为此记录器启用调试日志记录，以获取已扫描但未在其中找到TLD的完整JAR列表。 在扫描期间跳过不需要的JAR可以缩短启动时间和JSP编译时间。
25-Nov-2021 16:41:37.919 警告 [main] org.apache.catalina.util.SessionIdGeneratorBase.createSecureRandom 使用[SHA1PRNG]创建会话ID生成的SecureRandom实例花费了[527]毫秒。
25-Nov-2021 16:41:37.937 信息 [main] org.apache.catalina.startup.HostConfig.deployDirectory Web应用程序目录[D:\minisoftware\apache-tomcat-9.0.55\webapps\crm]的部署已在[1,134]毫秒内完成
25-Nov-2021 16:41:37.937 信息 [main] org.apache.catalina.startup.HostConfig.deployDirectory 把web 应用程序部署到目录 [D:\minisoftware\apache-tomcat-9.0.55\webapps\docs]
25-Nov-2021 16:41:37.957 信息 [main] org.apache.catalina.startup.HostConfig.deployDirectory Web应用程序目录[D:\minisoftware\apache-tomcat-9.0.55\webapps\docs]的部署已在[20]毫秒内完成
25-Nov-2021 16:41:37.962 信息 [main] org.apache.catalina.startup.HostConfig.deployDirectory 把web 应用程序部署到目录 [D:\minisoftware\apache-tomcat-9.0.55\webapps\examples]
25-Nov-2021 16:41:38.274 信息 [main] org.apache.catalina.startup.HostConfig.deployDirectory Web应用程序目录[D:\minisoftware\apache-tomcat-9.0.55\webapps\examples]的部署已在[312]毫秒内完成
25-Nov-2021 16:41:38.280 信息 [main] org.apache.catalina.startup.HostConfig.deployDirectory 把web 应用程序部署到目录 [D:\minisoftware\apache-tomcat-9.0.55\webapps\host-manager]
25-Nov-2021 16:41:38.309 信息 [main] org.apache.catalina.startup.HostConfig.deployDirectory Web应用程序目录[D:\minisoftware\apache-tomcat-9.0.55\webapps\host-manager]的部署已在[29]毫秒内完成
25-Nov-2021 16:41:38.315 信息 [main] org.apache.catalina.startup.HostConfig.deployDirectory 把web 应用程序部署到目录 [D:\minisoftware\apache-tomcat-9.0.55\webapps\manager]
25-Nov-2021 16:41:38.344 信息 [main] org.apache.catalina.startup.HostConfig.deployDirectory Web应用程序目录[D:\minisoftware\apache-tomcat-9.0.55\webapps\manager]的部署已在[29]毫秒内完成
25-Nov-2021 16:41:38.351 信息 [main] org.apache.catalina.startup.HostConfig.deployDirectory 把web 应用程序部署到目录 [D:\minisoftware\apache-tomcat-9.0.55\webapps\myweb]
25-Nov-2021 16:41:38.371 信息 [main] org.apache.catalina.startup.HostConfig.deployDirectory Web应用程序目录[D:\minisoftware\apache-tomcat-9.0.55\webapps\myweb]的部署已在[20]毫秒内完成
25-Nov-2021 16:41:38.377 信息 [main] org.apache.catalina.startup.HostConfig.deployDirectory 把web 应用程序部署到目录 [D:\minisoftware\apache-tomcat-9.0.55\webapps\ROOT]
25-Nov-2021 16:41:38.403 信息 [main] org.apache.catalina.startup.HostConfig.deployDirectory Web应用程序目录[D:\minisoftware\apache-tomcat-9.0.55\webapps\ROOT]的部署已在[25]毫秒内完成
25-Nov-2021 16:41:38.411 信息 [main] org.apache.coyote.AbstractProtocol.start 开始协议处理句柄["http-nio-8080"]
25-Nov-2021 16:41:38.423 信息 [main] org.apache.catalina.startup.Catalina.start [1659]毫秒后服务器启动
25-Nov-2021 16:42:41.854 信息 [main] org.apache.catalina.startup.VersionLoggerListener.log Server.服务器版本: Apache Tomcat/9.0.55
25-Nov-2021 16:42:41.860 信息 [main] org.apache.catalina.startup.VersionLoggerListener.log 服务器构建:        Nov 10 2021 08:26:45 UTC
25-Nov-2021 16:42:41.860 信息 [main] org.apache.catalina.startup.VersionLoggerListener.log 服务器版本号:      9.0.55.0
25-Nov-2021 16:42:41.860 信息 [main] org.apache.catalina.startup.VersionLoggerListener.log 操作系统名称:      Windows 10
25-Nov-2021 16:42:41.860 信息 [main] org.apache.catalina.startup.VersionLoggerListener.log OS.版本:           10.0
25-Nov-2021 16:42:41.860 信息 [main] org.apache.catalina.startup.VersionLoggerListener.log 架构:              amd64
25-Nov-2021 16:42:41.861 信息 [main] org.apache.catalina.startup.VersionLoggerListener.log Java 环境变量:     C:\Program Files\Java\jdk1.8.0_301\jre
25-Nov-2021 16:42:41.861 信息 [main] org.apache.catalina.startup.VersionLoggerListener.log Java虚拟机版本:    1.8.0_301-b09
25-Nov-2021 16:42:41.861 信息 [main] org.apache.catalina.startup.VersionLoggerListener.log JVM.供应商:        Oracle Corporation
25-Nov-2021 16:42:41.861 信息 [main] org.apache.catalina.startup.VersionLoggerListener.log CATALINA_BASE:     D:\minisoftware\apache-tomcat-9.0.55
25-Nov-2021 16:42:41.862 信息 [main] org.apache.catalina.startup.VersionLoggerListener.log CATALINA_HOME:     D:\minisoftware\apache-tomcat-9.0.55
25-Nov-2021 16:42:41.862 信息 [main] org.apache.catalina.startup.VersionLoggerListener.log 命令行参数：       -Djava.util.logging.config.file=D:\minisoftware\apache-tomcat-9.0.55\conf\logging.properties
25-Nov-2021 16:42:41.862 信息 [main] org.apache.catalina.startup.VersionLoggerListener.log 命令行参数：       -Djava.util.logging.manager=org.apache.juli.ClassLoaderLogManager
25-Nov-2021 16:42:41.862 信息 [main] org.apache.catalina.startup.VersionLoggerListener.log 命令行参数：       -Djdk.tls.ephemeralDHKeySize=2048
25-Nov-2021 16:42:41.863 信息 [main] org.apache.catalina.startup.VersionLoggerListener.log 命令行参数：       -Djava.protocol.handler.pkgs=org.apache.catalina.webresources
25-Nov-2021 16:42:41.866 信息 [main] org.apache.catalina.startup.VersionLoggerListener.log 命令行参数：       -Dignore.endorsed.dirs=
25-Nov-2021 16:42:41.866 信息 [main] org.apache.catalina.startup.VersionLoggerListener.log 命令行参数：       -Dcatalina.base=D:\minisoftware\apache-tomcat-9.0.55
25-Nov-2021 16:42:41.868 信息 [main] org.apache.catalina.startup.VersionLoggerListener.log 命令行参数：       -Dcatalina.home=D:\minisoftware\apache-tomcat-9.0.55
25-Nov-2021 16:42:41.868 信息 [main] org.apache.catalina.startup.VersionLoggerListener.log 命令行参数：       -Djava.io.tmpdir=D:\minisoftware\apache-tomcat-9.0.55\temp
25-Nov-2021 16:42:41.877 信息 [main] org.apache.catalina.core.AprLifecycleListener.lifecycleEvent 使用APR版本[1.7.0]加载了基于APR的Apache Tomcat本机库[1.2.31]。
25-Nov-2021 16:42:41.878 信息 [main] org.apache.catalina.core.AprLifecycleListener.lifecycleEvent APR功能：IPv6[true]、sendfile[true]、accept filters[false]、random[true]、UDS [true]。
25-Nov-2021 16:42:41.886 信息 [main] org.apache.catalina.core.AprLifecycleListener.lifecycleEvent APR/OpenSSL配置：useAprConnector[false]，useOpenSSL[true]
25-Nov-2021 16:42:41.892 信息 [main] org.apache.catalina.core.AprLifecycleListener.initializeSSL OpenSSL成功初始化 [OpenSSL 1.1.1l  24 Aug 2021]
25-Nov-2021 16:42:42.189 信息 [main] org.apache.coyote.AbstractProtocol.init 初始化协议处理器 ["http-nio-8080"]
25-Nov-2021 16:42:42.200 严重 [main] org.apache.catalina.util.LifecycleBase.handleSubClassException 初始化组件[Connector[HTTP/1.1-8080]]失败。
	org.apache.catalina.LifecycleException: 协议处理程序初始化失败
		at org.apache.catalina.connector.Connector.initInternal(Connector.java:1049)
		at org.apache.catalina.util.LifecycleBase.init(LifecycleBase.java:136)
		at org.apache.catalina.core.StandardService.initInternal(StandardService.java:556)
		at org.apache.catalina.util.LifecycleBase.init(LifecycleBase.java:136)
		at org.apache.catalina.core.StandardServer.initInternal(StandardServer.java:1042)
		at org.apache.catalina.util.LifecycleBase.init(LifecycleBase.java:136)
		at org.apache.catalina.startup.Catalina.load(Catalina.java:724)
		at org.apache.catalina.startup.Catalina.load(Catalina.java:746)
		at sun.reflect.NativeMethodAccessorImpl.invoke0(Native Method)
		at sun.reflect.NativeMethodAccessorImpl.invoke(NativeMethodAccessorImpl.java:62)
		at sun.reflect.DelegatingMethodAccessorImpl.invoke(DelegatingMethodAccessorImpl.java:43)
		at java.lang.reflect.Method.invoke(Method.java:498)
		at org.apache.catalina.startup.Bootstrap.load(Bootstrap.java:305)
		at org.apache.catalina.startup.Bootstrap.main(Bootstrap.java:475)
	Caused by: java.net.BindException: Address already in use: bind
		at sun.nio.ch.Net.bind0(Native Method)
		at sun.nio.ch.Net.bind(Net.java:438)
		at sun.nio.ch.Net.bind(Net.java:430)
		at sun.nio.ch.ServerSocketChannelImpl.bind(ServerSocketChannelImpl.java:225)
		at org.apache.tomcat.util.net.NioEndpoint.initServerSocket(NioEndpoint.java:271)
		at org.apache.tomcat.util.net.NioEndpoint.bind(NioEndpoint.java:226)
		at org.apache.tomcat.util.net.AbstractEndpoint.bindWithCleanup(AbstractEndpoint.java:1213)
		at org.apache.tomcat.util.net.AbstractEndpoint.init(AbstractEndpoint.java:1226)
		at org.apache.coyote.AbstractProtocol.init(AbstractProtocol.java:603)
		at org.apache.coyote.http11.AbstractHttp11Protocol.init(AbstractHttp11Protocol.java:80)
		at org.apache.catalina.connector.Connector.initInternal(Connector.java:1046)
		... 13 more
25-Nov-2021 16:42:42.203 信息 [main] org.apache.catalina.startup.Catalina.load 服务器在[506]毫秒内初始化
25-Nov-2021 16:42:42.233 信息 [main] org.apache.catalina.core.StandardService.startInternal 正在启动服务[Catalina]
25-Nov-2021 16:42:42.233 信息 [main] org.apache.catalina.core.StandardEngine.startInternal 正在启动 Servlet 引擎：[Apache Tomcat/9.0.55]
25-Nov-2021 16:42:42.244 信息 [main] org.apache.catalina.startup.HostConfig.deployDirectory 把web 应用程序部署到目录 [D:\minisoftware\apache-tomcat-9.0.55\webapps\crm]
25-Nov-2021 16:42:42.812 信息 [main] org.apache.jasper.servlet.TldScanner.scanJars 至少有一个JAR被扫描用于TLD但尚未包含TLD。 为此记录器启用调试日志记录，以获取已扫描但未在其中找到TLD的完整JAR列表。 在扫描期间跳过不需要的JAR可以缩短启动时间和JSP编译时间。
25-Nov-2021 16:42:43.346 警告 [main] org.apache.catalina.util.SessionIdGeneratorBase.createSecureRandom 使用[SHA1PRNG]创建会话ID生成的SecureRandom实例花费了[506]毫秒。
25-Nov-2021 16:42:43.364 信息 [main] org.apache.catalina.startup.HostConfig.deployDirectory Web应用程序目录[D:\minisoftware\apache-tomcat-9.0.55\webapps\crm]的部署已在[1,120]毫秒内完成
25-Nov-2021 16:42:43.366 信息 [main] org.apache.catalina.startup.HostConfig.deployDirectory 把web 应用程序部署到目录 [D:\minisoftware\apache-tomcat-9.0.55\webapps\docs]
25-Nov-2021 16:42:43.387 信息 [main] org.apache.catalina.startup.HostConfig.deployDirectory Web应用程序目录[D:\minisoftware\apache-tomcat-9.0.55\webapps\docs]的部署已在[21]毫秒内完成
25-Nov-2021 16:42:43.395 信息 [main] org.apache.catalina.startup.HostConfig.deployDirectory 把web 应用程序部署到目录 [D:\minisoftware\apache-tomcat-9.0.55\webapps\examples]
25-Nov-2021 16:42:43.736 信息 [main] org.apache.catalina.startup.HostConfig.deployDirectory Web应用程序目录[D:\minisoftware\apache-tomcat-9.0.55\webapps\examples]的部署已在[340]毫秒内完成
25-Nov-2021 16:42:43.743 信息 [main] org.apache.catalina.startup.HostConfig.deployDirectory 把web 应用程序部署到目录 [D:\minisoftware\apache-tomcat-9.0.55\webapps\host-manager]
25-Nov-2021 16:42:43.777 信息 [main] org.apache.catalina.startup.HostConfig.deployDirectory Web应用程序目录[D:\minisoftware\apache-tomcat-9.0.55\webapps\host-manager]的部署已在[34]毫秒内完成
25-Nov-2021 16:42:43.784 信息 [main] org.apache.catalina.startup.HostConfig.deployDirectory 把web 应用程序部署到目录 [D:\minisoftware\apache-tomcat-9.0.55\webapps\manager]
25-Nov-2021 16:42:43.815 信息 [main] org.apache.catalina.startup.HostConfig.deployDirectory Web应用程序目录[D:\minisoftware\apache-tomcat-9.0.55\webapps\manager]的部署已在[31]毫秒内完成
25-Nov-2021 16:42:43.821 信息 [main] org.apache.catalina.startup.HostConfig.deployDirectory 把web 应用程序部署到目录 [D:\minisoftware\apache-tomcat-9.0.55\webapps\myweb]
25-Nov-2021 16:42:43.843 信息 [main] org.apache.catalina.startup.HostConfig.deployDirectory Web应用程序目录[D:\minisoftware\apache-tomcat-9.0.55\webapps\myweb]的部署已在[22]毫秒内完成
25-Nov-2021 16:42:43.851 信息 [main] org.apache.catalina.startup.HostConfig.deployDirectory 把web 应用程序部署到目录 [D:\minisoftware\apache-tomcat-9.0.55\webapps\ROOT]
25-Nov-2021 16:42:43.875 信息 [main] org.apache.catalina.startup.HostConfig.deployDirectory Web应用程序目录[D:\minisoftware\apache-tomcat-9.0.55\webapps\ROOT]的部署已在[24]毫秒内完成
25-Nov-2021 16:42:43.884 信息 [main] org.apache.catalina.startup.Catalina.start [1679]毫秒后服务器启动
25-Nov-2021 16:42:43.891 严重 [main] org.apache.catalina.core.StandardServer.await 无法在地址[localhost]和端口[8005]上创建服务器关闭套接字（基本端口[8005]和偏移量[0]）
	java.net.BindException: Address already in use: JVM_Bind
		at java.net.DualStackPlainSocketImpl.bind0(Native Method)
		at java.net.DualStackPlainSocketImpl.socketBind(DualStackPlainSocketImpl.java:102)
		at java.net.AbstractPlainSocketImpl.bind(AbstractPlainSocketImpl.java:513)
		at java.net.PlainSocketImpl.bind(PlainSocketImpl.java:180)
		at java.net.ServerSocket.bind(ServerSocket.java:375)
		at java.net.ServerSocket.<init>(ServerSocket.java:237)
		at org.apache.catalina.core.StandardServer.await(StandardServer.java:577)
		at org.apache.catalina.startup.Catalina.await(Catalina.java:864)
		at org.apache.catalina.startup.Catalina.start(Catalina.java:810)
		at sun.reflect.NativeMethodAccessorImpl.invoke0(Native Method)
		at sun.reflect.NativeMethodAccessorImpl.invoke(NativeMethodAccessorImpl.java:62)
		at sun.reflect.DelegatingMethodAccessorImpl.invoke(DelegatingMethodAccessorImpl.java:43)
		at java.lang.reflect.Method.invoke(Method.java:498)
		at org.apache.catalina.startup.Bootstrap.start(Bootstrap.java:345)
		at org.apache.catalina.startup.Bootstrap.main(Bootstrap.java:476)
25-Nov-2021 16:42:43.896 信息 [main] org.apache.coyote.AbstractProtocol.pause 暂停ProtocolHandler["http-nio-8080"]
25-Nov-2021 16:42:43.897 信息 [main] org.apache.catalina.core.StandardService.stopInternal 正在停止服务[Catalina]
25-Nov-2021 16:42:43.918 信息 [main] org.apache.coyote.AbstractProtocol.stop 正在停止ProtocolHandler ["http-nio-8080"]
25-Nov-2021 16:42:43.920 信息 [main] org.apache.coyote.AbstractProtocol.destroy 正在摧毁协议处理器 ["http-nio-8080"]
25-Nov-2021 16:42:46.738 信息 [main] org.apache.catalina.core.StandardServer.await 通过关闭端口接收到有效的关闭命令。正在停止服务器实例。
25-Nov-2021 16:42:54.731 信息 [main] org.apache.coyote.AbstractProtocol.pause 暂停ProtocolHandler["http-nio-8080"]
25-Nov-2021 16:42:55.225 信息 [main] org.apache.catalina.core.StandardService.stopInternal 正在停止服务[Catalina]
25-Nov-2021 16:42:55.243 警告 [main] org.apache.catalina.loader.WebappClassLoaderBase.clearReferencesJdbc Web应用程序 [crm] 注册了JDBC驱动程序 [com.mysql.cj.jdbc.Driver]，但在Web应用程序停止时无法注销它。 为防止内存泄漏，JDBC驱动程序已被强制取消注册。
25-Nov-2021 16:42:55.244 警告 [main] org.apache.catalina.loader.WebappClassLoaderBase.clearReferencesThreads Web应用程序[crm]似乎启动了一个名为[mysql-cj-abandoned-connection-cleanup]的线程，但未能停止它。这很可能会造成内存泄漏。线程的堆栈跟踪：[
 java.lang.Object.wait(Native Method)
 java.lang.ref.ReferenceQueue.remove(ReferenceQueue.java:144)
 com.mysql.cj.jdbc.AbandonedConnectionCleanupThread.run(AbandonedConnectionCleanupThread.java:91)
 java.util.concurrent.ThreadPoolExecutor.runWorker(ThreadPoolExecutor.java:1149)
 java.util.concurrent.ThreadPoolExecutor$Worker.run(ThreadPoolExecutor.java:624)
 java.lang.Thread.run(Thread.java:748)]
25-Nov-2021 16:42:55.248 信息 [main] org.apache.coyote.AbstractProtocol.stop 正在停止ProtocolHandler ["http-nio-8080"]
25-Nov-2021 16:42:55.268 信息 [main] org.apache.coyote.AbstractProtocol.destroy 正在摧毁协议处理器 ["http-nio-8080"]
25-Nov-2021 16:42:58.863 严重 [main] org.apache.catalina.startup.Catalina.stopServer 无法联系[localhost:8005]（基端口[8005]和偏移量[0]）。Tomcat可能不在运行。
25-Nov-2021 16:42:58.870 严重 [main] org.apache.catalina.startup.Catalina.stopServer 停止 Catalina 时出错
	java.net.ConnectException: Connection refused: connect
		at java.net.DualStackPlainSocketImpl.connect0(Native Method)
		at java.net.DualStackPlainSocketImpl.socketConnect(DualStackPlainSocketImpl.java:75)
		at java.net.AbstractPlainSocketImpl.doConnect(AbstractPlainSocketImpl.java:476)
		at java.net.AbstractPlainSocketImpl.connectToAddress(AbstractPlainSocketImpl.java:218)
		at java.net.AbstractPlainSocketImpl.connect(AbstractPlainSocketImpl.java:200)
		at java.net.PlainSocketImpl.connect(PlainSocketImpl.java:162)
		at java.net.SocksSocketImpl.connect(SocksSocketImpl.java:394)
		at java.net.Socket.connect(Socket.java:606)
		at java.net.Socket.connect(Socket.java:555)
		at java.net.Socket.<init>(Socket.java:451)
		at java.net.Socket.<init>(Socket.java:228)
		at org.apache.catalina.startup.Catalina.stopServer(Catalina.java:667)
		at sun.reflect.NativeMethodAccessorImpl.invoke0(Native Method)
		at sun.reflect.NativeMethodAccessorImpl.invoke(NativeMethodAccessorImpl.java:62)
		at sun.reflect.DelegatingMethodAccessorImpl.invoke(DelegatingMethodAccessorImpl.java:43)
		at java.lang.reflect.Method.invoke(Method.java:498)
		at org.apache.catalina.startup.Bootstrap.stopServer(Bootstrap.java:391)
		at org.apache.catalina.startup.Bootstrap.main(Bootstrap.java:481)
