25-Nov-2021 11:12:15.475 信息 [main] org.apache.catalina.core.ApplicationContext.log ContextListener: contextInitialized()
25-Nov-2021 11:12:15.476 信息 [main] org.apache.catalina.core.ApplicationContext.log SessionListener: contextInitialized()
25-Nov-2021 11:12:15.477 信息 [main] org.apache.catalina.core.ApplicationContext.log ContextListener: attributeAdded('StockTicker', 'async.Stockticker@44a7bfbc')
25-Nov-2021 11:13:11.599 信息 [main] org.apache.catalina.core.ApplicationContext.log ContextListener: contextInitialized()
25-Nov-2021 11:13:11.599 信息 [main] org.apache.catalina.core.ApplicationContext.log SessionListener: contextInitialized()
25-Nov-2021 11:13:11.601 信息 [main] org.apache.catalina.core.ApplicationContext.log ContextListener: attributeAdded('StockTicker', 'async.Stockticker@2e1d27ba')
25-Nov-2021 11:13:11.777 信息 [main] org.apache.catalina.core.ApplicationContext.log SessionListener: contextDestroyed()
25-Nov-2021 11:13:11.777 信息 [main] org.apache.catalina.core.ApplicationContext.log ContextListener: contextDestroyed()
25-Nov-2021 11:13:23.434 信息 [main] org.apache.catalina.core.ApplicationContext.log SessionListener: contextDestroyed()
25-Nov-2021 11:13:23.434 信息 [main] org.apache.catalina.core.ApplicationContext.log ContextListener: contextDestroyed()
25-Nov-2021 14:05:03.374 信息 [main] org.apache.catalina.core.ApplicationContext.log ContextListener: contextInitialized()
25-Nov-2021 14:05:03.374 信息 [main] org.apache.catalina.core.ApplicationContext.log SessionListener: contextInitialized()
25-Nov-2021 14:05:03.375 信息 [main] org.apache.catalina.core.ApplicationContext.log ContextListener: attributeAdded('StockTicker', 'async.Stockticker@3738449f')
25-Nov-2021 14:05:16.546 信息 [main] org.apache.catalina.core.ApplicationContext.log SessionListener: contextDestroyed()
25-Nov-2021 14:05:16.546 信息 [main] org.apache.catalina.core.ApplicationContext.log ContextListener: contextDestroyed()
25-Nov-2021 14:07:08.947 信息 [main] org.apache.catalina.core.ApplicationContext.log ContextListener: contextInitialized()
25-Nov-2021 14:07:08.947 信息 [main] org.apache.catalina.core.ApplicationContext.log SessionListener: contextInitialized()
25-Nov-2021 14:07:08.949 信息 [main] org.apache.catalina.core.ApplicationContext.log ContextListener: attributeAdded('StockTicker', 'async.Stockticker@3738449f')
25-Nov-2021 14:08:03.741 信息 [main] org.apache.catalina.core.ApplicationContext.log SessionListener: contextDestroyed()
25-Nov-2021 14:08:03.741 信息 [main] org.apache.catalina.core.ApplicationContext.log ContextListener: contextDestroyed()
25-Nov-2021 14:08:07.850 信息 [main] org.apache.catalina.core.ApplicationContext.log ContextListener: contextInitialized()
25-Nov-2021 14:08:07.850 信息 [main] org.apache.catalina.core.ApplicationContext.log SessionListener: contextInitialized()
25-Nov-2021 14:08:07.851 信息 [main] org.apache.catalina.core.ApplicationContext.log ContextListener: attributeAdded('StockTicker', 'async.Stockticker@3738449f')
25-Nov-2021 14:08:14.994 信息 [http-nio-8080-exec-1] org.apache.catalina.core.ApplicationContext.log 将servlet[dd]标记为不可用
25-Nov-2021 14:08:14.994 严重 [http-nio-8080-exec-1] org.apache.catalina.core.StandardWrapperValve.invoke 分配异常的servlet [dd]
	java.lang.ClassNotFoundException: serverLet.FirstDemo
		at org.apache.catalina.loader.WebappClassLoaderBase.loadClass(WebappClassLoaderBase.java:1407)
		at org.apache.catalina.loader.WebappClassLoaderBase.loadClass(WebappClassLoaderBase.java:1215)
		at org.apache.catalina.core.DefaultInstanceManager.loadClass(DefaultInstanceManager.java:538)
		at org.apache.catalina.core.DefaultInstanceManager.loadClassMaybePrivileged(DefaultInstanceManager.java:519)
		at org.apache.catalina.core.DefaultInstanceManager.newInstance(DefaultInstanceManager.java:149)
		at org.apache.catalina.core.StandardWrapper.loadServlet(StandardWrapper.java:1070)
		at org.apache.catalina.core.StandardWrapper.allocate(StandardWrapper.java:788)
		at org.apache.catalina.core.StandardWrapperValve.invoke(StandardWrapperValve.java:128)
		at org.apache.catalina.core.StandardContextValve.invoke(StandardContextValve.java:97)
		at org.apache.catalina.authenticator.AuthenticatorBase.invoke(AuthenticatorBase.java:540)
		at org.apache.catalina.core.StandardHostValve.invoke(StandardHostValve.java:135)
		at org.apache.catalina.valves.ErrorReportValve.invoke(ErrorReportValve.java:92)
		at org.apache.catalina.valves.AbstractAccessLogValve.invoke(AbstractAccessLogValve.java:687)
		at org.apache.catalina.core.StandardEngineValve.invoke(StandardEngineValve.java:78)
		at org.apache.catalina.connector.CoyoteAdapter.service(CoyoteAdapter.java:357)
		at org.apache.coyote.http11.Http11Processor.service(Http11Processor.java:382)
		at org.apache.coyote.AbstractProcessorLight.process(AbstractProcessorLight.java:65)
		at org.apache.coyote.AbstractProtocol$ConnectionHandler.process(AbstractProtocol.java:895)
		at org.apache.tomcat.util.net.NioEndpoint$SocketProcessor.doRun(NioEndpoint.java:1722)
		at org.apache.tomcat.util.net.SocketProcessorBase.run(SocketProcessorBase.java:49)
		at org.apache.tomcat.util.threads.ThreadPoolExecutor.runWorker(ThreadPoolExecutor.java:1191)
		at org.apache.tomcat.util.threads.ThreadPoolExecutor$Worker.run(ThreadPoolExecutor.java:659)
		at org.apache.tomcat.util.threads.TaskThread$WrappingRunnable.run(TaskThread.java:61)
		at java.lang.Thread.run(Thread.java:748)
25-Nov-2021 14:10:28.433 信息 [main] org.apache.catalina.core.ApplicationContext.log SessionListener: contextDestroyed()
25-Nov-2021 14:10:28.433 信息 [main] org.apache.catalina.core.ApplicationContext.log ContextListener: contextDestroyed()
25-Nov-2021 14:10:35.923 信息 [main] org.apache.catalina.core.ApplicationContext.log ContextListener: contextInitialized()
25-Nov-2021 14:10:35.923 信息 [main] org.apache.catalina.core.ApplicationContext.log SessionListener: contextInitialized()
25-Nov-2021 14:10:35.924 信息 [main] org.apache.catalina.core.ApplicationContext.log ContextListener: attributeAdded('StockTicker', 'async.Stockticker@11bd0f3b')
25-Nov-2021 14:11:09.263 信息 [main] org.apache.catalina.core.ApplicationContext.log SessionListener: contextDestroyed()
25-Nov-2021 14:11:09.263 信息 [main] org.apache.catalina.core.ApplicationContext.log ContextListener: contextDestroyed()
25-Nov-2021 14:11:40.788 信息 [main] org.apache.catalina.core.ApplicationContext.log ContextListener: contextInitialized()
25-Nov-2021 14:11:40.788 信息 [main] org.apache.catalina.core.ApplicationContext.log SessionListener: contextInitialized()
25-Nov-2021 14:11:40.790 信息 [main] org.apache.catalina.core.ApplicationContext.log ContextListener: attributeAdded('StockTicker', 'async.Stockticker@11bd0f3b')
25-Nov-2021 14:12:07.783 信息 [main] org.apache.catalina.core.ApplicationContext.log SessionListener: contextDestroyed()
25-Nov-2021 14:12:07.783 信息 [main] org.apache.catalina.core.ApplicationContext.log ContextListener: contextDestroyed()
25-Nov-2021 14:24:37.757 信息 [main] org.apache.catalina.core.ApplicationContext.log ContextListener: contextInitialized()
25-Nov-2021 14:24:37.757 信息 [main] org.apache.catalina.core.ApplicationContext.log SessionListener: contextInitialized()
25-Nov-2021 14:24:37.758 信息 [main] org.apache.catalina.core.ApplicationContext.log ContextListener: attributeAdded('StockTicker', 'async.Stockticker@11bd0f3b')
25-Nov-2021 14:25:31.157 信息 [main] org.apache.catalina.core.ApplicationContext.log SessionListener: contextDestroyed()
25-Nov-2021 14:25:31.157 信息 [main] org.apache.catalina.core.ApplicationContext.log ContextListener: contextDestroyed()
25-Nov-2021 16:40:40.479 信息 [main] org.apache.catalina.core.ApplicationContext.log ContextListener: contextInitialized()
25-Nov-2021 16:40:40.479 信息 [main] org.apache.catalina.core.ApplicationContext.log SessionListener: contextInitialized()
25-Nov-2021 16:40:40.480 信息 [main] org.apache.catalina.core.ApplicationContext.log ContextListener: attributeAdded('StockTicker', 'async.Stockticker@c333c60')
25-Nov-2021 16:41:33.420 信息 [main] org.apache.catalina.core.ApplicationContext.log SessionListener: contextDestroyed()
25-Nov-2021 16:41:33.420 信息 [main] org.apache.catalina.core.ApplicationContext.log ContextListener: contextDestroyed()
25-Nov-2021 16:41:38.265 信息 [main] org.apache.catalina.core.ApplicationContext.log ContextListener: contextInitialized()
25-Nov-2021 16:41:38.265 信息 [main] org.apache.catalina.core.ApplicationContext.log SessionListener: contextInitialized()
25-Nov-2021 16:41:38.266 信息 [main] org.apache.catalina.core.ApplicationContext.log ContextListener: attributeAdded('StockTicker', 'async.Stockticker@163d04ff')
25-Nov-2021 16:42:43.724 信息 [main] org.apache.catalina.core.ApplicationContext.log ContextListener: contextInitialized()
25-Nov-2021 16:42:43.724 信息 [main] org.apache.catalina.core.ApplicationContext.log SessionListener: contextInitialized()
25-Nov-2021 16:42:43.726 信息 [main] org.apache.catalina.core.ApplicationContext.log ContextListener: attributeAdded('StockTicker', 'async.Stockticker@34997338')
25-Nov-2021 16:42:43.905 信息 [main] org.apache.catalina.core.ApplicationContext.log SessionListener: contextDestroyed()
25-Nov-2021 16:42:43.905 信息 [main] org.apache.catalina.core.ApplicationContext.log ContextListener: contextDestroyed()
25-Nov-2021 16:42:55.234 信息 [main] org.apache.catalina.core.ApplicationContext.log SessionListener: contextDestroyed()
25-Nov-2021 16:42:55.234 信息 [main] org.apache.catalina.core.ApplicationContext.log ContextListener: contextDestroyed()
